{"/Users/victormilitao/Documents/apps/medical-surgey/components/doctor/AddPatientModal.tsx": {"path":"/Users/victormilitao/Documents/apps/medical-surgey/components/doctor/AddPatientModal.tsx","statementMap":{"0":{"start":{"line":16,"column":22},"end":{"line":16,"column":31}},"1":{"start":{"line":17,"column":60},"end":{"line":17,"column":77}},"2":{"start":{"line":19,"column":26},"end":{"line":19,"column":37}},"3":{"start":{"line":20,"column":26},"end":{"line":20,"column":38}},"4":{"start":{"line":21,"column":28},"end":{"line":21,"column":40}},"5":{"start":{"line":22,"column":44},"end":{"line":22,"column":56}},"6":{"start":{"line":23,"column":40},"end":{"line":29,"column":4}},"7":{"start":{"line":24,"column":18},"end":{"line":24,"column":28}},"8":{"start":{"line":25,"column":15},"end":{"line":25,"column":55}},"9":{"start":{"line":26,"column":15},"end":{"line":26,"column":60}},"10":{"start":{"line":27,"column":17},"end":{"line":27,"column":36}},"11":{"start":{"line":28,"column":4},"end":{"line":28,"column":33}},"12":{"start":{"line":31,"column":46},"end":{"line":31,"column":61}},"13":{"start":{"line":32,"column":42},"end":{"line":32,"column":57}},"14":{"start":{"line":33,"column":28},"end":{"line":33,"column":57}},"15":{"start":{"line":35,"column":23},"end":{"line":96,"column":3}},"16":{"start":{"line":36,"column":4},"end":{"line":39,"column":5}},"17":{"start":{"line":37,"column":6},"end":{"line":37,"column":106}},"18":{"start":{"line":38,"column":6},"end":{"line":38,"column":13}},"19":{"start":{"line":41,"column":4},"end":{"line":44,"column":5}},"20":{"start":{"line":42,"column":6},"end":{"line":42,"column":51}},"21":{"start":{"line":43,"column":6},"end":{"line":43,"column":13}},"22":{"start":{"line":46,"column":4},"end":{"line":46,"column":26}},"23":{"start":{"line":47,"column":4},"end":{"line":47,"column":19}},"24":{"start":{"line":50,"column":31},"end":{"line":50,"column":61}},"25":{"start":{"line":51,"column":4},"end":{"line":55,"column":5}},"26":{"start":{"line":52,"column":6},"end":{"line":52,"column":60}},"27":{"start":{"line":53,"column":6},"end":{"line":53,"column":29}},"28":{"start":{"line":54,"column":6},"end":{"line":54,"column":13}},"29":{"start":{"line":57,"column":27},"end":{"line":57,"column":63}},"30":{"start":{"line":58,"column":29},"end":{"line":58,"column":65}},"31":{"start":{"line":59,"column":28},"end":{"line":59,"column":64}},"32":{"start":{"line":61,"column":29},"end":{"line":61,"column":68}},"33":{"start":{"line":63,"column":6},"end":{"line":65,"column":37}},"34":{"start":{"line":67,"column":4},"end":{"line":71,"column":5}},"35":{"start":{"line":68,"column":6},"end":{"line":68,"column":72}},"36":{"start":{"line":69,"column":6},"end":{"line":69,"column":29}},"37":{"start":{"line":70,"column":6},"end":{"line":70,"column":13}},"38":{"start":{"line":73,"column":34},"end":{"line":73,"column":126}},"39":{"start":{"line":75,"column":4},"end":{"line":95,"column":5}},"40":{"start":{"line":76,"column":6},"end":{"line":85,"column":9}},"41":{"start":{"line":88,"column":6},"end":{"line":88,"column":18}},"42":{"start":{"line":89,"column":6},"end":{"line":89,"column":20}},"43":{"start":{"line":91,"column":6},"end":{"line":91,"column":50}},"44":{"start":{"line":92,"column":6},"end":{"line":92,"column":74}},"45":{"start":{"line":94,"column":6},"end":{"line":94,"column":29}},"46":{"start":{"line":98,"column":22},"end":{"line":105,"column":3}},"47":{"start":{"line":99,"column":4},"end":{"line":99,"column":16}},"48":{"start":{"line":100,"column":4},"end":{"line":100,"column":17}},"49":{"start":{"line":101,"column":4},"end":{"line":101,"column":25}},"50":{"start":{"line":102,"column":4},"end":{"line":102,"column":15}},"51":{"start":{"line":103,"column":4},"end":{"line":103,"column":19}},"52":{"start":{"line":104,"column":4},"end":{"line":104,"column":14}},"53":{"start":{"line":107,"column":30},"end":{"line":107,"column":77}},"54":{"start":{"line":107,"column":54},"end":{"line":107,"column":76}},"55":{"start":{"line":109,"column":2},"end":{"line":228,"column":4}},"56":{"start":{"line":165,"column":33},"end":{"line":165,"column":67}},"57":{"start":{"line":180,"column":26},"end":{"line":189,"column":45}},"58":{"start":{"line":184,"column":30},"end":{"line":184,"column":56}},"59":{"start":{"line":185,"column":30},"end":{"line":185,"column":55}}},"fnMap":{"0":{"name":"AddPatientModal","decl":{"start":{"line":15,"column":16},"end":{"line":15,"column":31}},"loc":{"start":{"line":15,"column":87},"end":{"line":229,"column":1}},"line":15},"1":{"name":"(anonymous_1)","decl":{"start":{"line":23,"column":49},"end":{"line":23,"column":50}},"loc":{"start":{"line":23,"column":55},"end":{"line":29,"column":3}},"line":23},"2":{"name":"(anonymous_2)","decl":{"start":{"line":35,"column":23},"end":{"line":35,"column":24}},"loc":{"start":{"line":35,"column":35},"end":{"line":96,"column":3}},"line":35},"3":{"name":"(anonymous_3)","decl":{"start":{"line":98,"column":22},"end":{"line":98,"column":23}},"loc":{"start":{"line":98,"column":28},"end":{"line":105,"column":3}},"line":98},"4":{"name":"(anonymous_4)","decl":{"start":{"line":107,"column":49},"end":{"line":107,"column":50}},"loc":{"start":{"line":107,"column":54},"end":{"line":107,"column":76}},"line":107},"5":{"name":"(anonymous_5)","decl":{"start":{"line":165,"column":27},"end":{"line":165,"column":28}},"loc":{"start":{"line":165,"column":33},"end":{"line":165,"column":67}},"line":165},"6":{"name":"(anonymous_6)","decl":{"start":{"line":179,"column":42},"end":{"line":179,"column":43}},"loc":{"start":{"line":180,"column":26},"end":{"line":189,"column":45}},"line":180},"7":{"name":"(anonymous_7)","decl":{"start":{"line":183,"column":37},"end":{"line":183,"column":38}},"loc":{"start":{"line":183,"column":43},"end":{"line":186,"column":29}},"line":183}},"branchMap":{"0":{"loc":{"start":{"line":36,"column":4},"end":{"line":39,"column":5}},"type":"if","locations":[{"start":{"line":36,"column":4},"end":{"line":39,"column":5}},{"start":{},"end":{}}],"line":36},"1":{"loc":{"start":{"line":36,"column":8},"end":{"line":36,"column":57}},"type":"binary-expr","locations":[{"start":{"line":36,"column":8},"end":{"line":36,"column":13}},{"start":{"line":36,"column":17},"end":{"line":36,"column":23}},{"start":{"line":36,"column":27},"end":{"line":36,"column":41}},{"start":{"line":36,"column":45},"end":{"line":36,"column":57}}],"line":36},"2":{"loc":{"start":{"line":41,"column":4},"end":{"line":44,"column":5}},"type":"if","locations":[{"start":{"line":41,"column":4},"end":{"line":44,"column":5}},{"start":{},"end":{}}],"line":41},"3":{"loc":{"start":{"line":51,"column":4},"end":{"line":55,"column":5}},"type":"if","locations":[{"start":{"line":51,"column":4},"end":{"line":55,"column":5}},{"start":{},"end":{}}],"line":51},"4":{"loc":{"start":{"line":63,"column":6},"end":{"line":65,"column":37}},"type":"binary-expr","locations":[{"start":{"line":63,"column":6},"end":{"line":63,"column":42}},{"start":{"line":64,"column":6},"end":{"line":64,"column":44}},{"start":{"line":65,"column":6},"end":{"line":65,"column":37}}],"line":63},"5":{"loc":{"start":{"line":67,"column":4},"end":{"line":71,"column":5}},"type":"if","locations":[{"start":{"line":67,"column":4},"end":{"line":71,"column":5}},{"start":{},"end":{}}],"line":67},"6":{"loc":{"start":{"line":92,"column":15},"end":{"line":92,"column":72}},"type":"binary-expr","locations":[{"start":{"line":92,"column":15},"end":{"line":92,"column":26}},{"start":{"line":92,"column":30},"end":{"line":92,"column":72}}],"line":92},"7":{"loc":{"start":{"line":129,"column":13},"end":{"line":133,"column":13}},"type":"binary-expr","locations":[{"start":{"line":129,"column":13},"end":{"line":129,"column":18}},{"start":{"line":130,"column":14},"end":{"line":132,"column":21}}],"line":129},"8":{"loc":{"start":{"line":161,"column":31},"end":{"line":161,"column":81}},"type":"cond-expr","locations":[{"start":{"line":161,"column":48},"end":{"line":161,"column":63}},{"start":{"line":161,"column":66},"end":{"line":161,"column":81}}],"line":161},"9":{"loc":{"start":{"line":167,"column":35},"end":{"line":167,"column":90}},"type":"cond-expr","locations":[{"start":{"line":167,"column":57},"end":{"line":167,"column":72}},{"start":{"line":167,"column":75},"end":{"line":167,"column":90}}],"line":167},"10":{"loc":{"start":{"line":168,"column":21},"end":{"line":168,"column":95}},"type":"cond-expr","locations":[{"start":{"line":168,"column":43},"end":{"line":168,"column":67}},{"start":{"line":168,"column":70},"end":{"line":168,"column":95}}],"line":168},"11":{"loc":{"start":{"line":173,"column":17},"end":{"line":194,"column":17}},"type":"binary-expr","locations":[{"start":{"line":173,"column":17},"end":{"line":173,"column":31}},{"start":{"line":174,"column":18},"end":{"line":193,"column":25}}],"line":173},"12":{"loc":{"start":{"line":176,"column":23},"end":{"line":191,"column":23}},"type":"cond-expr","locations":[{"start":{"line":177,"column":24},"end":{"line":177,"column":61}},{"start":{"line":179,"column":24},"end":{"line":190,"column":26}}],"line":176}},"s":{"0":40,"1":40,"2":40,"3":40,"4":40,"5":40,"6":40,"7":10,"8":10,"9":10,"10":10,"11":10,"12":40,"13":40,"14":40,"15":40,"16":5,"17":1,"18":1,"19":4,"20":0,"21":0,"22":4,"23":4,"24":4,"25":4,"26":1,"27":1,"28":1,"29":3,"30":3,"31":3,"32":3,"33":3,"34":3,"35":1,"36":1,"37":1,"38":2,"39":2,"40":2,"41":1,"42":1,"43":1,"44":1,"45":2,"46":40,"47":2,"48":2,"49":2,"50":2,"51":2,"52":2,"53":40,"54":68,"55":40,"56":5,"57":10,"58":5,"59":5},"f":{"0":40,"1":10,"2":5,"3":2,"4":68,"5":5,"6":10,"7":5},"b":{"0":[1,4],"1":[5,4,4,4],"2":[0,4],"3":[1,3],"4":[3,2,2],"5":[1,2],"6":[1,0],"7":[40,4],"8":[5,35],"9":[12,28],"10":[12,28],"11":[40,5],"12":[0,5]},"_coverageSchema":"1a1c01bbd47fc00a2c39e90264f33305004495a9","hash":"747ecefb789ff4537cbc15d737ca5395ea1117dc"}
,"/Users/victormilitao/Documents/apps/medical-surgey/components/doctor/PatientListItem.tsx": {"path":"/Users/victormilitao/Documents/apps/medical-surgey/components/doctor/PatientListItem.tsx","statementMap":{"0":{"start":{"line":30,"column":22},"end":{"line":30,"column":31}},"1":{"start":{"line":31,"column":22},"end":{"line":31,"column":31}},"2":{"start":{"line":32,"column":71},"end":{"line":32,"column":80}},"3":{"start":{"line":34,"column":4},"end":{"line":48,"column":5}},"4":{"start":{"line":35,"column":8},"end":{"line":35,"column":32}},"5":{"start":{"line":36,"column":8},"end":{"line":36,"column":32}},"6":{"start":{"line":37,"column":8},"end":{"line":37,"column":34}},"7":{"start":{"line":38,"column":11},"end":{"line":48,"column":5}},"8":{"start":{"line":39,"column":8},"end":{"line":39,"column":32}},"9":{"start":{"line":40,"column":8},"end":{"line":40,"column":32}},"10":{"start":{"line":41,"column":8},"end":{"line":41,"column":33}},"11":{"start":{"line":42,"column":11},"end":{"line":48,"column":5}},"12":{"start":{"line":43,"column":8},"end":{"line":43,"column":32}},"13":{"start":{"line":44,"column":8},"end":{"line":44,"column":35}},"14":{"start":{"line":45,"column":8},"end":{"line":45,"column":33}},"15":{"start":{"line":47,"column":8},"end":{"line":47,"column":33}},"16":{"start":{"line":50,"column":4},"end":{"line":100,"column":6}},"17":{"start":{"line":71,"column":28},"end":{"line":73,"column":35}}},"fnMap":{"0":{"name":"PatientListItem","decl":{"start":{"line":19,"column":16},"end":{"line":19,"column":31}},"loc":{"start":{"line":28,"column":25},"end":{"line":101,"column":1}},"line":28},"1":{"name":"(anonymous_1)","decl":{"start":{"line":70,"column":36},"end":{"line":70,"column":37}},"loc":{"start":{"line":71,"column":28},"end":{"line":73,"column":35}},"line":71}},"branchMap":{"0":{"loc":{"start":{"line":25,"column":4},"end":{"line":25,"column":15}},"type":"default-arg","locations":[{"start":{"line":25,"column":13},"end":{"line":25,"column":15}}],"line":25},"1":{"loc":{"start":{"line":34,"column":4},"end":{"line":48,"column":5}},"type":"if","locations":[{"start":{"line":34,"column":4},"end":{"line":48,"column":5}},{"start":{"line":38,"column":11},"end":{"line":48,"column":5}}],"line":34},"2":{"loc":{"start":{"line":38,"column":11},"end":{"line":48,"column":5}},"type":"if","locations":[{"start":{"line":38,"column":11},"end":{"line":48,"column":5}},{"start":{"line":42,"column":11},"end":{"line":48,"column":5}}],"line":38},"3":{"loc":{"start":{"line":42,"column":11},"end":{"line":48,"column":5}},"type":"if","locations":[{"start":{"line":42,"column":11},"end":{"line":48,"column":5}},{"start":{"line":46,"column":11},"end":{"line":48,"column":5}}],"line":42},"4":{"loc":{"start":{"line":57,"column":35},"end":{"line":57,"column":70}},"type":"cond-expr","locations":[{"start":{"line":57,"column":49},"end":{"line":57,"column":58}},{"start":{"line":57,"column":61},"end":{"line":57,"column":70}}],"line":57},"5":{"loc":{"start":{"line":68,"column":17},"end":{"line":76,"column":17}},"type":"binary-expr","locations":[{"start":{"line":68,"column":17},"end":{"line":68,"column":34}},{"start":{"line":69,"column":20},"end":{"line":75,"column":27}}],"line":68},"6":{"loc":{"start":{"line":78,"column":17},"end":{"line":97,"column":17}},"type":"binary-expr","locations":[{"start":{"line":78,"column":17},"end":{"line":78,"column":38}},{"start":{"line":79,"column":20},"end":{"line":96,"column":27}}],"line":78},"7":{"loc":{"start":{"line":80,"column":25},"end":{"line":87,"column":25}},"type":"cond-expr","locations":[{"start":{"line":81,"column":28},"end":{"line":84,"column":35}},{"start":{"line":86,"column":28},"end":{"line":86,"column":36}}],"line":80},"8":{"loc":{"start":{"line":90,"column":33},"end":{"line":92,"column":53}},"type":"cond-expr","locations":[{"start":{"line":91,"column":38},"end":{"line":91,"column":130}},{"start":{"line":92,"column":38},"end":{"line":92,"column":53}}],"line":90}},"s":{"0":8,"1":8,"2":8,"3":8,"4":1,"5":1,"6":1,"7":7,"8":1,"9":1,"10":1,"11":6,"12":1,"13":1,"14":1,"15":5,"16":8,"17":2},"f":{"0":8,"1":2},"b":{"0":[7],"1":[1,7],"2":[1,6],"3":[1,5],"4":[0,8],"5":[8,1],"6":[8,7],"7":[6,1],"8":[6,1]},"_coverageSchema":"1a1c01bbd47fc00a2c39e90264f33305004495a9","hash":"af1c9de073e2c9bade3f84996caa8d30d98a0b77"}
,"/Users/victormilitao/Documents/apps/medical-surgey/components/doctor/StatsGrid.tsx": {"path":"/Users/victormilitao/Documents/apps/medical-surgey/components/doctor/StatsGrid.tsx","statementMap":{"0":{"start":{"line":14,"column":22},"end":{"line":14,"column":39}},"1":{"start":{"line":15,"column":20},"end":{"line":15,"column":35}},"2":{"start":{"line":16,"column":21},"end":{"line":16,"column":36}},"3":{"start":{"line":18,"column":4},"end":{"line":34,"column":5}},"4":{"start":{"line":19,"column":8},"end":{"line":19,"column":39}},"5":{"start":{"line":20,"column":8},"end":{"line":20,"column":35}},"6":{"start":{"line":21,"column":8},"end":{"line":21,"column":36}},"7":{"start":{"line":22,"column":11},"end":{"line":34,"column":5}},"8":{"start":{"line":23,"column":8},"end":{"line":23,"column":42}},"9":{"start":{"line":24,"column":8},"end":{"line":24,"column":38}},"10":{"start":{"line":25,"column":8},"end":{"line":25,"column":39}},"11":{"start":{"line":26,"column":11},"end":{"line":34,"column":5}},"12":{"start":{"line":27,"column":8},"end":{"line":27,"column":41}},"13":{"start":{"line":28,"column":8},"end":{"line":28,"column":37}},"14":{"start":{"line":29,"column":8},"end":{"line":29,"column":38}},"15":{"start":{"line":30,"column":11},"end":{"line":34,"column":5}},"16":{"start":{"line":31,"column":8},"end":{"line":31,"column":40}},"17":{"start":{"line":32,"column":8},"end":{"line":32,"column":36}},"18":{"start":{"line":33,"column":8},"end":{"line":33,"column":37}},"19":{"start":{"line":36,"column":4},"end":{"line":45,"column":6}},"20":{"start":{"line":60,"column":25},"end":{"line":62,"column":5}},"21":{"start":{"line":61,"column":8},"end":{"line":61,"column":51}},"22":{"start":{"line":61,"column":28},"end":{"line":61,"column":51}},"23":{"start":{"line":64,"column":4},"end":{"line":95,"column":6}},"24":{"start":{"line":71,"column":31},"end":{"line":71,"column":55}},"25":{"start":{"line":78,"column":31},"end":{"line":78,"column":54}},"26":{"start":{"line":85,"column":31},"end":{"line":85,"column":53}},"27":{"start":{"line":92,"column":31},"end":{"line":92,"column":55}}},"fnMap":{"0":{"name":"StatCard","decl":{"start":{"line":13,"column":9},"end":{"line":13,"column":17}},"loc":{"start":{"line":13,"column":79},"end":{"line":46,"column":1}},"line":13},"1":{"name":"StatsGrid","decl":{"start":{"line":59,"column":16},"end":{"line":59,"column":25}},"loc":{"start":{"line":59,"column":86},"end":{"line":96,"column":1}},"line":59},"2":{"name":"(anonymous_2)","decl":{"start":{"line":60,"column":25},"end":{"line":60,"column":26}},"loc":{"start":{"line":60,"column":49},"end":{"line":62,"column":5}},"line":60},"3":{"name":"(anonymous_3)","decl":{"start":{"line":71,"column":25},"end":{"line":71,"column":26}},"loc":{"start":{"line":71,"column":31},"end":{"line":71,"column":55}},"line":71},"4":{"name":"(anonymous_4)","decl":{"start":{"line":78,"column":25},"end":{"line":78,"column":26}},"loc":{"start":{"line":78,"column":31},"end":{"line":78,"column":54}},"line":78},"5":{"name":"(anonymous_5)","decl":{"start":{"line":85,"column":25},"end":{"line":85,"column":26}},"loc":{"start":{"line":85,"column":31},"end":{"line":85,"column":53}},"line":85},"6":{"name":"(anonymous_6)","decl":{"start":{"line":92,"column":25},"end":{"line":92,"column":26}},"loc":{"start":{"line":92,"column":31},"end":{"line":92,"column":55}},"line":92}},"branchMap":{"0":{"loc":{"start":{"line":18,"column":4},"end":{"line":34,"column":5}},"type":"if","locations":[{"start":{"line":18,"column":4},"end":{"line":34,"column":5}},{"start":{"line":22,"column":11},"end":{"line":34,"column":5}}],"line":18},"1":{"loc":{"start":{"line":22,"column":11},"end":{"line":34,"column":5}},"type":"if","locations":[{"start":{"line":22,"column":11},"end":{"line":34,"column":5}},{"start":{"line":26,"column":11},"end":{"line":34,"column":5}}],"line":22},"2":{"loc":{"start":{"line":26,"column":11},"end":{"line":34,"column":5}},"type":"if","locations":[{"start":{"line":26,"column":11},"end":{"line":34,"column":5}},{"start":{"line":30,"column":11},"end":{"line":34,"column":5}}],"line":26},"3":{"loc":{"start":{"line":30,"column":11},"end":{"line":34,"column":5}},"type":"if","locations":[{"start":{"line":30,"column":11},"end":{"line":34,"column":5}},{"start":{},"end":{}}],"line":30},"4":{"loc":{"start":{"line":39,"column":101},"end":{"line":39,"column":145}},"type":"cond-expr","locations":[{"start":{"line":39,"column":114},"end":{"line":39,"column":125}},{"start":{"line":39,"column":128},"end":{"line":39,"column":145}}],"line":39},"5":{"loc":{"start":{"line":61,"column":8},"end":{"line":61,"column":51}},"type":"if","locations":[{"start":{"line":61,"column":8},"end":{"line":61,"column":51}},{"start":{},"end":{}}],"line":61},"6":{"loc":{"start":{"line":68,"column":23},"end":{"line":68,"column":44}},"type":"binary-expr","locations":[{"start":{"line":68,"column":23},"end":{"line":68,"column":39}},{"start":{"line":68,"column":43},"end":{"line":68,"column":44}}],"line":68},"7":{"loc":{"start":{"line":75,"column":23},"end":{"line":75,"column":43}},"type":"binary-expr","locations":[{"start":{"line":75,"column":23},"end":{"line":75,"column":38}},{"start":{"line":75,"column":42},"end":{"line":75,"column":43}}],"line":75},"8":{"loc":{"start":{"line":82,"column":23},"end":{"line":82,"column":42}},"type":"binary-expr","locations":[{"start":{"line":82,"column":23},"end":{"line":82,"column":37}},{"start":{"line":82,"column":41},"end":{"line":82,"column":42}}],"line":82},"9":{"loc":{"start":{"line":89,"column":23},"end":{"line":89,"column":44}},"type":"binary-expr","locations":[{"start":{"line":89,"column":23},"end":{"line":89,"column":39}},{"start":{"line":89,"column":43},"end":{"line":89,"column":44}}],"line":89}},"s":{"0":32,"1":32,"2":32,"3":32,"4":8,"5":8,"6":8,"7":24,"8":8,"9":8,"10":8,"11":16,"12":8,"13":8,"14":8,"15":8,"16":8,"17":8,"18":8,"19":32,"20":8,"21":5,"22":5,"23":8,"24":2,"25":1,"26":1,"27":1},"f":{"0":32,"1":8,"2":5,"3":2,"4":1,"5":1,"6":1},"b":{"0":[8,24],"1":[8,16],"2":[8,8],"3":[8,0],"4":[1,31],"5":[5,0],"6":[8,1],"7":[8,1],"8":[8,1],"9":[8,1]},"_coverageSchema":"1a1c01bbd47fc00a2c39e90264f33305004495a9","hash":"e8e8c7c190f58d3ed91934fe93a346196d9e5230"}
,"/Users/victormilitao/Documents/apps/medical-surgey/components/patient/ActionMenuItem.tsx": {"path":"/Users/victormilitao/Documents/apps/medical-surgey/components/patient/ActionMenuItem.tsx","statementMap":{"0":{"start":{"line":23,"column":4},"end":{"line":45,"column":6}}},"fnMap":{"0":{"name":"ActionMenuItem","decl":{"start":{"line":14,"column":16},"end":{"line":14,"column":30}},"loc":{"start":{"line":22,"column":24},"end":{"line":46,"column":1}},"line":22}},"branchMap":{"0":{"loc":{"start":{"line":19,"column":4},"end":{"line":19,"column":25}},"type":"default-arg","locations":[{"start":{"line":19,"column":16},"end":{"line":19,"column":25}}],"line":19},"1":{"loc":{"start":{"line":20,"column":4},"end":{"line":20,"column":31}},"type":"default-arg","locations":[{"start":{"line":20,"column":18},"end":{"line":20,"column":31}}],"line":20},"2":{"loc":{"start":{"line":37,"column":13},"end":{"line":43,"column":13}},"type":"cond-expr","locations":[{"start":{"line":38,"column":16},"end":{"line":40,"column":23}},{"start":{"line":42,"column":16},"end":{"line":42,"column":58}}],"line":37}},"s":{"0":4},"f":{"0":4},"b":{"0":[4],"1":[4],"2":[1,3]},"_coverageSchema":"1a1c01bbd47fc00a2c39e90264f33305004495a9","hash":"8a6fdae1ba98ee7455494e5dc9e2d96b4bd67cbb"}
,"/Users/victormilitao/Documents/apps/medical-surgey/components/patient/PhaseGuidelinesSheet.tsx": {"path":"/Users/victormilitao/Documents/apps/medical-surgey/components/patient/PhaseGuidelinesSheet.tsx","statementMap":{"0":{"start":{"line":13,"column":22},"end":{"line":13,"column":53}},"1":{"start":{"line":14,"column":21},"end":{"line":14,"column":41}},"2":{"start":{"line":17,"column":2},"end":{"line":17,"column":37}},"3":{"start":{"line":17,"column":24},"end":{"line":17,"column":37}},"4":{"start":{"line":18,"column":2},"end":{"line":18,"column":29}},"5":{"start":{"line":18,"column":16},"end":{"line":18,"column":29}},"6":{"start":{"line":19,"column":2},"end":{"line":19,"column":16}},"7":{"start":{"line":23,"column":40},"end":{"line":23,"column":89}},"8":{"start":{"line":23,"column":62},"end":{"line":23,"column":88}},"9":{"start":{"line":24,"column":32},"end":{"line":24,"column":47}},"10":{"start":{"line":25,"column":21},"end":{"line":25,"column":69}},"11":{"start":{"line":26,"column":26},"end":{"line":26,"column":63}},"12":{"start":{"line":28,"column":2},"end":{"line":32,"column":19}},"13":{"start":{"line":29,"column":4},"end":{"line":31,"column":5}},"14":{"start":{"line":30,"column":6},"end":{"line":30,"column":49}},"15":{"start":{"line":34,"column":2},"end":{"line":63,"column":16}},"16":{"start":{"line":35,"column":4},"end":{"line":62,"column":5}},"17":{"start":{"line":36,"column":6},"end":{"line":36,"column":23}},"18":{"start":{"line":37,"column":6},"end":{"line":48,"column":17}},"19":{"start":{"line":50,"column":6},"end":{"line":61,"column":40}},"20":{"start":{"line":61,"column":21},"end":{"line":61,"column":38}},"21":{"start":{"line":65,"column":2},"end":{"line":65,"column":28}},"22":{"start":{"line":65,"column":16},"end":{"line":65,"column":28}},"23":{"start":{"line":67,"column":49},"end":{"line":71,"column":3}},"24":{"start":{"line":73,"column":2},"end":{"line":239,"column":4}},"25":{"start":{"line":128,"column":32},"end":{"line":128,"column":52}},"26":{"start":{"line":155,"column":22},"end":{"line":158,"column":29}},"27":{"start":{"line":186,"column":22},"end":{"line":189,"column":29}},"28":{"start":{"line":215,"column":22},"end":{"line":218,"column":29}}},"fnMap":{"0":{"name":"getPhaseForDay","decl":{"start":{"line":16,"column":9},"end":{"line":16,"column":23}},"loc":{"start":{"line":16,"column":45},"end":{"line":20,"column":1}},"line":16},"1":{"name":"PhaseGuidelinesSheet","decl":{"start":{"line":22,"column":16},"end":{"line":22,"column":36}},"loc":{"start":{"line":22,"column":98},"end":{"line":240,"column":1}},"line":22},"2":{"name":"(anonymous_2)","decl":{"start":{"line":23,"column":56},"end":{"line":23,"column":57}},"loc":{"start":{"line":23,"column":62},"end":{"line":23,"column":88}},"line":23},"3":{"name":"(anonymous_3)","decl":{"start":{"line":28,"column":12},"end":{"line":28,"column":13}},"loc":{"start":{"line":28,"column":18},"end":{"line":32,"column":3}},"line":28},"4":{"name":"(anonymous_4)","decl":{"start":{"line":34,"column":12},"end":{"line":34,"column":13}},"loc":{"start":{"line":34,"column":18},"end":{"line":63,"column":3}},"line":34},"5":{"name":"(anonymous_5)","decl":{"start":{"line":61,"column":15},"end":{"line":61,"column":16}},"loc":{"start":{"line":61,"column":21},"end":{"line":61,"column":38}},"line":61},"6":{"name":"(anonymous_6)","decl":{"start":{"line":128,"column":27},"end":{"line":128,"column":28}},"loc":{"start":{"line":128,"column":32},"end":{"line":128,"column":52}},"line":128},"7":{"name":"(anonymous_7)","decl":{"start":{"line":154,"column":26},"end":{"line":154,"column":27}},"loc":{"start":{"line":155,"column":22},"end":{"line":158,"column":29}},"line":155},"8":{"name":"(anonymous_8)","decl":{"start":{"line":185,"column":26},"end":{"line":185,"column":27}},"loc":{"start":{"line":186,"column":22},"end":{"line":189,"column":29}},"line":186},"9":{"name":"(anonymous_9)","decl":{"start":{"line":214,"column":26},"end":{"line":214,"column":27}},"loc":{"start":{"line":215,"column":22},"end":{"line":218,"column":29}},"line":215}},"branchMap":{"0":{"loc":{"start":{"line":17,"column":2},"end":{"line":17,"column":37}},"type":"if","locations":[{"start":{"line":17,"column":2},"end":{"line":17,"column":37}},{"start":{},"end":{}}],"line":17},"1":{"loc":{"start":{"line":17,"column":6},"end":{"line":17,"column":22}},"type":"binary-expr","locations":[{"start":{"line":17,"column":6},"end":{"line":17,"column":10}},{"start":{"line":17,"column":14},"end":{"line":17,"column":22}}],"line":17},"2":{"loc":{"start":{"line":18,"column":2},"end":{"line":18,"column":29}},"type":"if","locations":[{"start":{"line":18,"column":2},"end":{"line":18,"column":29}},{"start":{},"end":{}}],"line":18},"3":{"loc":{"start":{"line":29,"column":4},"end":{"line":31,"column":5}},"type":"if","locations":[{"start":{"line":29,"column":4},"end":{"line":31,"column":5}},{"start":{},"end":{}}],"line":29},"4":{"loc":{"start":{"line":35,"column":4},"end":{"line":62,"column":5}},"type":"if","locations":[{"start":{"line":35,"column":4},"end":{"line":62,"column":5}},{"start":{"line":49,"column":11},"end":{"line":62,"column":5}}],"line":35},"5":{"loc":{"start":{"line":65,"column":2},"end":{"line":65,"column":28}},"type":"if","locations":[{"start":{"line":65,"column":2},"end":{"line":65,"column":28}},{"start":{},"end":{}}],"line":65},"6":{"loc":{"start":{"line":128,"column":15},"end":{"line":128,"column":66}},"type":"binary-expr","locations":[{"start":{"line":128,"column":15},"end":{"line":128,"column":60}},{"start":{"line":128,"column":64},"end":{"line":128,"column":66}}],"line":128},"7":{"loc":{"start":{"line":140,"column":15},"end":{"line":170,"column":15}},"type":"binary-expr","locations":[{"start":{"line":140,"column":15},"end":{"line":140,"column":36}},{"start":{"line":141,"column":16},"end":{"line":169,"column":23}}],"line":140},"8":{"loc":{"start":{"line":172,"column":15},"end":{"line":199,"column":15}},"type":"binary-expr","locations":[{"start":{"line":172,"column":15},"end":{"line":172,"column":36}},{"start":{"line":173,"column":16},"end":{"line":198,"column":23}}],"line":172},"9":{"loc":{"start":{"line":201,"column":15},"end":{"line":233,"column":15}},"type":"binary-expr","locations":[{"start":{"line":201,"column":15},"end":{"line":201,"column":37}},{"start":{"line":202,"column":16},"end":{"line":232,"column":23}}],"line":201}},"s":{"0":1,"1":1,"2":20,"3":9,"4":11,"5":6,"6":5,"7":21,"8":10,"9":21,"10":21,"11":21,"12":21,"13":11,"14":10,"15":21,"16":10,"17":9,"18":9,"19":1,"20":1,"21":21,"22":10,"23":11,"24":11,"25":20,"26":20,"27":9,"28":9},"f":{"0":20,"1":21,"2":10,"3":11,"4":10,"5":1,"6":20,"7":20,"8":9,"9":9},"b":{"0":[9,11],"1":[20,19],"2":[6,5],"3":[10,1],"4":[9,1],"5":[10,11],"6":[11,0],"7":[11,5],"8":[11,3],"9":[11,3]},"_coverageSchema":"1a1c01bbd47fc00a2c39e90264f33305004495a9","hash":"f90ef7f3fc20ec9379b04e79e6ea92ee01f9f5f1"}
,"/Users/victormilitao/Documents/apps/medical-surgey/components/patient/ProgressBar.tsx": {"path":"/Users/victormilitao/Documents/apps/medical-surgey/components/patient/ProgressBar.tsx","statementMap":{"0":{"start":{"line":10,"column":21},"end":{"line":10,"column":75}},"1":{"start":{"line":12,"column":4},"end":{"line":28,"column":6}}},"fnMap":{"0":{"name":"ProgressBar","decl":{"start":{"line":9,"column":16},"end":{"line":9,"column":27}},"loc":{"start":{"line":9,"column":73},"end":{"line":29,"column":1}},"line":9}},"branchMap":{},"s":{"0":5,"1":5},"f":{"0":5},"b":{},"_coverageSchema":"1a1c01bbd47fc00a2c39e90264f33305004495a9","hash":"166407b26640b655b9830527cb5f808cb2bb8f4e"}
,"/Users/victormilitao/Documents/apps/medical-surgey/components/patient/WelcomeHeader.tsx": {"path":"/Users/victormilitao/Documents/apps/medical-surgey/components/patient/WelcomeHeader.tsx","statementMap":{"0":{"start":{"line":9,"column":4},"end":{"line":22,"column":6}}},"fnMap":{"0":{"name":"WelcomeHeader","decl":{"start":{"line":8,"column":16},"end":{"line":8,"column":29}},"loc":{"start":{"line":8,"column":80},"end":{"line":23,"column":1}},"line":8}},"branchMap":{},"s":{"0":3},"f":{"0":3},"b":{},"_coverageSchema":"1a1c01bbd47fc00a2c39e90264f33305004495a9","hash":"66abeba7006a282858b2515087d4087be629cc51"}
,"/Users/victormilitao/Documents/apps/medical-surgey/components/ui/Badge.tsx": {"path":"/Users/victormilitao/Documents/apps/medical-surgey/components/ui/Badge.tsx","statementMap":{"0":{"start":{"line":9,"column":18},"end":{"line":9,"column":31}},"1":{"start":{"line":10,"column":20},"end":{"line":10,"column":35}},"2":{"start":{"line":12,"column":4},"end":{"line":21,"column":5}},"3":{"start":{"line":13,"column":8},"end":{"line":13,"column":31}},"4":{"start":{"line":14,"column":8},"end":{"line":14,"column":35}},"5":{"start":{"line":15,"column":11},"end":{"line":21,"column":5}},"6":{"start":{"line":16,"column":8},"end":{"line":16,"column":34}},"7":{"start":{"line":17,"column":8},"end":{"line":17,"column":38}},"8":{"start":{"line":18,"column":11},"end":{"line":21,"column":5}},"9":{"start":{"line":19,"column":8},"end":{"line":19,"column":33}},"10":{"start":{"line":20,"column":8},"end":{"line":20,"column":37}},"11":{"start":{"line":23,"column":4},"end":{"line":27,"column":6}}},"fnMap":{"0":{"name":"Badge","decl":{"start":{"line":8,"column":16},"end":{"line":8,"column":21}},"loc":{"start":{"line":8,"column":66},"end":{"line":28,"column":1}},"line":8}},"branchMap":{"0":{"loc":{"start":{"line":8,"column":31},"end":{"line":8,"column":50}},"type":"default-arg","locations":[{"start":{"line":8,"column":41},"end":{"line":8,"column":50}}],"line":8},"1":{"loc":{"start":{"line":12,"column":4},"end":{"line":21,"column":5}},"type":"if","locations":[{"start":{"line":12,"column":4},"end":{"line":21,"column":5}},{"start":{"line":15,"column":11},"end":{"line":21,"column":5}}],"line":12},"2":{"loc":{"start":{"line":15,"column":11},"end":{"line":21,"column":5}},"type":"if","locations":[{"start":{"line":15,"column":11},"end":{"line":21,"column":5}},{"start":{"line":18,"column":11},"end":{"line":21,"column":5}}],"line":15},"3":{"loc":{"start":{"line":18,"column":11},"end":{"line":21,"column":5}},"type":"if","locations":[{"start":{"line":18,"column":11},"end":{"line":21,"column":5}},{"start":{},"end":{}}],"line":18}},"s":{"0":13,"1":13,"2":13,"3":1,"4":1,"5":12,"6":1,"7":1,"8":11,"9":1,"10":1,"11":13},"f":{"0":13},"b":{"0":[2],"1":[1,12],"2":[1,11],"3":[1,10]},"_coverageSchema":"1a1c01bbd47fc00a2c39e90264f33305004495a9","hash":"1fdb2f792f0fda2034bb73b47964452668f7d869"}
,"/Users/victormilitao/Documents/apps/medical-surgey/components/ui/Button.tsx": {"path":"/Users/victormilitao/Documents/apps/medical-surgey/components/ui/Button.tsx","statementMap":{"0":{"start":{"line":14,"column":18},"end":{"line":14,"column":34}},"1":{"start":{"line":15,"column":20},"end":{"line":15,"column":32}},"2":{"start":{"line":17,"column":4},"end":{"line":29,"column":5}},"3":{"start":{"line":18,"column":8},"end":{"line":18,"column":61}},"4":{"start":{"line":19,"column":8},"end":{"line":19,"column":39}},"5":{"start":{"line":20,"column":11},"end":{"line":29,"column":5}},"6":{"start":{"line":21,"column":8},"end":{"line":21,"column":35}},"7":{"start":{"line":22,"column":8},"end":{"line":22,"column":39}},"8":{"start":{"line":23,"column":11},"end":{"line":29,"column":5}},"9":{"start":{"line":24,"column":8},"end":{"line":24,"column":31}},"10":{"start":{"line":25,"column":8},"end":{"line":25,"column":33}},"11":{"start":{"line":26,"column":11},"end":{"line":29,"column":5}},"12":{"start":{"line":27,"column":8},"end":{"line":27,"column":29}},"13":{"start":{"line":28,"column":8},"end":{"line":28,"column":39}},"14":{"start":{"line":31,"column":24},"end":{"line":31,"column":50}},"15":{"start":{"line":33,"column":4},"end":{"line":53,"column":6}}},"fnMap":{"0":{"name":"Button","decl":{"start":{"line":13,"column":16},"end":{"line":13,"column":22}},"loc":{"start":{"line":13,"column":131},"end":{"line":54,"column":1}},"line":13}},"branchMap":{"0":{"loc":{"start":{"line":13,"column":42},"end":{"line":13,"column":61}},"type":"default-arg","locations":[{"start":{"line":13,"column":52},"end":{"line":13,"column":61}}],"line":13},"1":{"loc":{"start":{"line":17,"column":4},"end":{"line":29,"column":5}},"type":"if","locations":[{"start":{"line":17,"column":4},"end":{"line":29,"column":5}},{"start":{"line":20,"column":11},"end":{"line":29,"column":5}}],"line":17},"2":{"loc":{"start":{"line":20,"column":11},"end":{"line":29,"column":5}},"type":"if","locations":[{"start":{"line":20,"column":11},"end":{"line":29,"column":5}},{"start":{"line":23,"column":11},"end":{"line":29,"column":5}}],"line":20},"3":{"loc":{"start":{"line":23,"column":11},"end":{"line":29,"column":5}},"type":"if","locations":[{"start":{"line":23,"column":11},"end":{"line":29,"column":5}},{"start":{"line":26,"column":11},"end":{"line":29,"column":5}}],"line":23},"4":{"loc":{"start":{"line":26,"column":11},"end":{"line":29,"column":5}},"type":"if","locations":[{"start":{"line":26,"column":11},"end":{"line":29,"column":5}},{"start":{},"end":{}}],"line":26},"5":{"loc":{"start":{"line":31,"column":24},"end":{"line":31,"column":50}},"type":"cond-expr","locations":[{"start":{"line":31,"column":35},"end":{"line":31,"column":41}},{"start":{"line":31,"column":44},"end":{"line":31,"column":50}}],"line":31},"6":{"loc":{"start":{"line":35,"column":118},"end":{"line":35,"column":152}},"type":"cond-expr","locations":[{"start":{"line":35,"column":135},"end":{"line":35,"column":147}},{"start":{"line":35,"column":150},"end":{"line":35,"column":152}}],"line":35},"7":{"loc":{"start":{"line":36,"column":22},"end":{"line":36,"column":49}},"type":"binary-expr","locations":[{"start":{"line":36,"column":22},"end":{"line":36,"column":31}},{"start":{"line":36,"column":35},"end":{"line":36,"column":49}}],"line":36},"8":{"loc":{"start":{"line":39,"column":13},"end":{"line":51,"column":13}},"type":"cond-expr","locations":[{"start":{"line":40,"column":16},"end":{"line":40,"column":135}},{"start":{"line":42,"column":16},"end":{"line":50,"column":23}}],"line":39},"9":{"loc":{"start":{"line":40,"column":42},"end":{"line":40,"column":131}},"type":"cond-expr","locations":[{"start":{"line":40,"column":112},"end":{"line":40,"column":121}},{"start":{"line":40,"column":124},"end":{"line":40,"column":131}}],"line":40},"10":{"loc":{"start":{"line":40,"column":42},"end":{"line":40,"column":109}},"type":"binary-expr","locations":[{"start":{"line":40,"column":42},"end":{"line":40,"column":63}},{"start":{"line":40,"column":67},"end":{"line":40,"column":86}},{"start":{"line":40,"column":90},"end":{"line":40,"column":109}}],"line":40},"11":{"loc":{"start":{"line":45,"column":81},"end":{"line":45,"column":100}},"type":"binary-expr","locations":[{"start":{"line":45,"column":81},"end":{"line":45,"column":94}},{"start":{"line":45,"column":98},"end":{"line":45,"column":100}}],"line":45},"12":{"loc":{"start":{"line":47,"column":21},"end":{"line":49,"column":21}},"type":"binary-expr","locations":[{"start":{"line":47,"column":21},"end":{"line":47,"column":29}},{"start":{"line":48,"column":24},"end":{"line":48,"column":105}}],"line":47},"13":{"loc":{"start":{"line":48,"column":65},"end":{"line":48,"column":84}},"type":"binary-expr","locations":[{"start":{"line":48,"column":65},"end":{"line":48,"column":78}},{"start":{"line":48,"column":82},"end":{"line":48,"column":84}}],"line":48}},"s":{"0":90,"1":90,"2":90,"3":41,"4":41,"5":49,"6":1,"7":1,"8":48,"9":1,"10":1,"11":47,"12":1,"13":1,"14":90,"15":90},"f":{"0":90},"b":{"0":[46],"1":[41,49],"2":[1,48],"3":[1,47],"4":[1,46],"5":[1,89],"6":[3,87],"7":[90,87],"8":[3,87],"9":[0,3],"10":[3,3,3],"11":[87,87],"12":[87,1],"13":[1,1]},"_coverageSchema":"1a1c01bbd47fc00a2c39e90264f33305004495a9","hash":"52a3a0f459330284eca6896854928d2d81e1baa2"}
,"/Users/victormilitao/Documents/apps/medical-surgey/components/ui/Card.tsx": {"path":"/Users/victormilitao/Documents/apps/medical-surgey/components/ui/Card.tsx","statementMap":{"0":{"start":{"line":8,"column":4},"end":{"line":10,"column":6}}},"fnMap":{"0":{"name":"Card","decl":{"start":{"line":7,"column":16},"end":{"line":7,"column":20}},"loc":{"start":{"line":7,"column":74},"end":{"line":11,"column":1}},"line":7}},"branchMap":{"0":{"loc":{"start":{"line":7,"column":34},"end":{"line":7,"column":49}},"type":"default-arg","locations":[{"start":{"line":7,"column":45},"end":{"line":7,"column":49}}],"line":7},"1":{"loc":{"start":{"line":9,"column":62},"end":{"line":9,"column":113}},"type":"cond-expr","locations":[{"start":{"line":9,"column":73},"end":{"line":9,"column":97}},{"start":{"line":9,"column":100},"end":{"line":9,"column":113}}],"line":9}},"s":{"0":16},"f":{"0":16},"b":{"0":[10],"1":[10,6]},"_coverageSchema":"1a1c01bbd47fc00a2c39e90264f33305004495a9","hash":"1bdaf894c0f2f257e2bbc88036f387cd1773e83c"}
,"/Users/victormilitao/Documents/apps/medical-surgey/components/ui/Toast.tsx": {"path":"/Users/victormilitao/Documents/apps/medical-surgey/components/ui/Toast.tsx","statementMap":{"0":{"start":{"line":34,"column":5},"end":{"line":59,"column":1}},"1":{"start":{"line":62,"column":21},"end":{"line":62,"column":41}},"2":{"start":{"line":63,"column":18},"end":{"line":63,"column":35}},"3":{"start":{"line":64,"column":17},"end":{"line":64,"column":41}},"4":{"start":{"line":65,"column":24},"end":{"line":65,"column":35}},"5":{"start":{"line":66,"column":19},"end":{"line":66,"column":41}},"6":{"start":{"line":68,"column":2},"end":{"line":88,"column":9}},"7":{"start":{"line":69,"column":4},"end":{"line":69,"column":56}},"8":{"start":{"line":70,"column":4},"end":{"line":70,"column":53}},"9":{"start":{"line":73,"column":4},"end":{"line":83,"column":6}},"10":{"start":{"line":78,"column":10},"end":{"line":80,"column":11}},"11":{"start":{"line":79,"column":12},"end":{"line":79,"column":41}},"12":{"start":{"line":84,"column":4},"end":{"line":87,"column":6}},"13":{"start":{"line":90,"column":24},"end":{"line":93,"column":5}},"14":{"start":{"line":90,"column":48},"end":{"line":93,"column":3}},"15":{"start":{"line":95,"column":2},"end":{"line":118,"column":4}},"16":{"start":{"line":121,"column":15},"end":{"line":149,"column":2}}},"fnMap":{"0":{"name":"Toast","decl":{"start":{"line":61,"column":16},"end":{"line":61,"column":21}},"loc":{"start":{"line":61,"column":56},"end":{"line":119,"column":1}},"line":61},"1":{"name":"(anonymous_1)","decl":{"start":{"line":68,"column":12},"end":{"line":68,"column":13}},"loc":{"start":{"line":68,"column":18},"end":{"line":88,"column":3}},"line":68},"2":{"name":"(anonymous_2)","decl":{"start":{"line":77,"column":44},"end":{"line":77,"column":45}},"loc":{"start":{"line":77,"column":58},"end":{"line":81,"column":9}},"line":77},"3":{"name":"(anonymous_3)","decl":{"start":{"line":90,"column":41},"end":{"line":90,"column":42}},"loc":{"start":{"line":90,"column":48},"end":{"line":93,"column":3}},"line":90}},"branchMap":{"0":{"loc":{"start":{"line":66,"column":19},"end":{"line":66,"column":41}},"type":"binary-expr","locations":[{"start":{"line":66,"column":19},"end":{"line":66,"column":33}},{"start":{"line":66,"column":37},"end":{"line":66,"column":41}}],"line":66},"1":{"loc":{"start":{"line":78,"column":10},"end":{"line":80,"column":11}},"type":"if","locations":[{"start":{"line":78,"column":10},"end":{"line":80,"column":11}},{"start":{},"end":{}}],"line":78},"2":{"loc":{"start":{"line":111,"column":9},"end":{"line":115,"column":16}},"type":"cond-expr","locations":[{"start":{"line":112,"column":10},"end":{"line":114,"column":17}},{"start":{"line":115,"column":12},"end":{"line":115,"column":16}}],"line":111}},"s":{"0":2,"1":10,"2":10,"3":10,"4":10,"5":10,"6":10,"7":9,"8":9,"9":9,"10":0,"11":0,"12":9,"13":10,"14":10,"15":10,"16":2},"f":{"0":10,"1":9,"2":0,"3":10},"b":{"0":[10,10],"1":[0,0],"2":[6,4]},"_coverageSchema":"1a1c01bbd47fc00a2c39e90264f33305004495a9","hash":"a17e3aeac8fefe40081befbff42d4afeb2205659"}
,"/Users/victormilitao/Documents/apps/medical-surgey/context/AuthContext.tsx": {"path":"/Users/victormilitao/Documents/apps/medical-surgey/context/AuthContext.tsx","statementMap":{"0":{"start":{"line":19,"column":20},"end":{"line":28,"column":2}},"1":{"start":{"line":31,"column":34},"end":{"line":31,"column":64}},"2":{"start":{"line":32,"column":34},"end":{"line":32,"column":64}},"3":{"start":{"line":33,"column":38},"end":{"line":33,"column":52}},"4":{"start":{"line":35,"column":4},"end":{"line":57,"column":11}},"5":{"start":{"line":37,"column":8},"end":{"line":44,"column":11}},"6":{"start":{"line":38,"column":12},"end":{"line":38,"column":32}},"7":{"start":{"line":39,"column":12},"end":{"line":43,"column":13}},"8":{"start":{"line":40,"column":16},"end":{"line":40,"column":46}},"9":{"start":{"line":42,"column":16},"end":{"line":42,"column":36}},"10":{"start":{"line":46,"column":43},"end":{"line":54,"column":10}},"11":{"start":{"line":47,"column":12},"end":{"line":47,"column":32}},"12":{"start":{"line":48,"column":12},"end":{"line":53,"column":13}},"13":{"start":{"line":49,"column":16},"end":{"line":49,"column":46}},"14":{"start":{"line":51,"column":16},"end":{"line":51,"column":33}},"15":{"start":{"line":52,"column":16},"end":{"line":52,"column":36}},"16":{"start":{"line":56,"column":8},"end":{"line":56,"column":48}},"17":{"start":{"line":56,"column":21},"end":{"line":56,"column":47}},"18":{"start":{"line":59,"column":25},"end":{"line":77,"column":5}},"19":{"start":{"line":60,"column":8},"end":{"line":76,"column":9}},"20":{"start":{"line":61,"column":36},"end":{"line":65,"column":25}},"21":{"start":{"line":67,"column":12},"end":{"line":71,"column":13}},"22":{"start":{"line":68,"column":16},"end":{"line":68,"column":64}},"23":{"start":{"line":70,"column":16},"end":{"line":70,"column":33}},"24":{"start":{"line":73,"column":12},"end":{"line":73,"column":60}},"25":{"start":{"line":75,"column":12},"end":{"line":75,"column":32}},"26":{"start":{"line":79,"column":20},"end":{"line":81,"column":5}},"27":{"start":{"line":80,"column":8},"end":{"line":80,"column":38}},"28":{"start":{"line":83,"column":18},"end":{"line":92,"column":5}},"29":{"start":{"line":94,"column":4},"end":{"line":94,"column":81}},"30":{"start":{"line":97,"column":23},"end":{"line":97,"column":52}},"31":{"start":{"line":97,"column":29},"end":{"line":97,"column":52}}},"fnMap":{"0":{"name":"(anonymous_0)","decl":{"start":{"line":27,"column":13},"end":{"line":27,"column":14}},"loc":{"start":{"line":27,"column":25},"end":{"line":27,"column":28}},"line":27},"1":{"name":"AuthProvider","decl":{"start":{"line":30,"column":16},"end":{"line":30,"column":28}},"loc":{"start":{"line":30,"column":74},"end":{"line":95,"column":1}},"line":30},"2":{"name":"(anonymous_2)","decl":{"start":{"line":35,"column":14},"end":{"line":35,"column":15}},"loc":{"start":{"line":35,"column":20},"end":{"line":57,"column":5}},"line":35},"3":{"name":"(anonymous_3)","decl":{"start":{"line":37,"column":40},"end":{"line":37,"column":41}},"loc":{"start":{"line":37,"column":67},"end":{"line":44,"column":9}},"line":37},"4":{"name":"(anonymous_4)","decl":{"start":{"line":46,"column":75},"end":{"line":46,"column":76}},"loc":{"start":{"line":46,"column":96},"end":{"line":54,"column":9}},"line":46},"5":{"name":"(anonymous_5)","decl":{"start":{"line":56,"column":15},"end":{"line":56,"column":16}},"loc":{"start":{"line":56,"column":21},"end":{"line":56,"column":47}},"line":56},"6":{"name":"(anonymous_6)","decl":{"start":{"line":59,"column":25},"end":{"line":59,"column":26}},"loc":{"start":{"line":59,"column":51},"end":{"line":77,"column":5}},"line":59},"7":{"name":"(anonymous_7)","decl":{"start":{"line":79,"column":20},"end":{"line":79,"column":21}},"loc":{"start":{"line":79,"column":32},"end":{"line":81,"column":5}},"line":79},"8":{"name":"(anonymous_8)","decl":{"start":{"line":97,"column":23},"end":{"line":97,"column":24}},"loc":{"start":{"line":97,"column":29},"end":{"line":97,"column":52}},"line":97}},"branchMap":{"0":{"loc":{"start":{"line":39,"column":12},"end":{"line":43,"column":13}},"type":"if","locations":[{"start":{"line":39,"column":12},"end":{"line":43,"column":13}},{"start":{"line":41,"column":19},"end":{"line":43,"column":13}}],"line":39},"1":{"loc":{"start":{"line":48,"column":12},"end":{"line":53,"column":13}},"type":"if","locations":[{"start":{"line":48,"column":12},"end":{"line":53,"column":13}},{"start":{"line":50,"column":19},"end":{"line":53,"column":13}}],"line":48},"2":{"loc":{"start":{"line":67,"column":12},"end":{"line":71,"column":13}},"type":"if","locations":[{"start":{"line":67,"column":12},"end":{"line":71,"column":13}},{"start":{"line":69,"column":19},"end":{"line":71,"column":13}}],"line":67},"3":{"loc":{"start":{"line":85,"column":14},"end":{"line":85,"column":35}},"type":"binary-expr","locations":[{"start":{"line":85,"column":14},"end":{"line":85,"column":27}},{"start":{"line":85,"column":31},"end":{"line":85,"column":35}}],"line":85}},"s":{"0":1,"1":18,"2":18,"3":18,"4":18,"5":8,"6":8,"7":8,"8":5,"9":3,"10":8,"11":2,"12":2,"13":1,"14":1,"15":1,"16":8,"17":8,"18":18,"19":6,"20":6,"21":5,"22":1,"23":4,"24":1,"25":6,"26":18,"27":1,"28":18,"29":18,"30":1,"31":18},"f":{"0":0,"1":18,"2":8,"3":8,"4":2,"5":8,"6":6,"7":1,"8":18},"b":{"0":[5,3],"1":[1,1],"2":[1,4],"3":[18,12]},"_coverageSchema":"1a1c01bbd47fc00a2c39e90264f33305004495a9","hash":"62dc6171b64b8d47b2ff2e7a309decc027d72df9"}
,"/Users/victormilitao/Documents/apps/medical-surgey/context/ToastContext.tsx": {"path":"/Users/victormilitao/Documents/apps/medical-surgey/context/ToastContext.tsx","statementMap":{"0":{"start":{"line":17,"column":21},"end":{"line":19,"column":2}},"1":{"start":{"line":22,"column":2},"end":{"line":22,"column":34}},"2":{"start":{"line":26,"column":30},"end":{"line":26,"column":55}},"3":{"start":{"line":27,"column":17},"end":{"line":27,"column":36}},"4":{"start":{"line":29,"column":20},"end":{"line":32,"column":8}},"5":{"start":{"line":30,"column":15},"end":{"line":30,"column":47}},"6":{"start":{"line":31,"column":4},"end":{"line":31,"column":53}},"7":{"start":{"line":31,"column":24},"end":{"line":31,"column":51}},"8":{"start":{"line":34,"column":23},"end":{"line":36,"column":8}},"9":{"start":{"line":35,"column":4},"end":{"line":35,"column":57}},"10":{"start":{"line":35,"column":24},"end":{"line":35,"column":55}},"11":{"start":{"line":35,"column":43},"end":{"line":35,"column":54}},"12":{"start":{"line":38,"column":2},"end":{"line":47,"column":4}},"13":{"start":{"line":43,"column":10},"end":{"line":43,"column":73}},"14":{"start":{"line":50,"column":15},"end":{"line":57,"column":2}}},"fnMap":{"0":{"name":"(anonymous_0)","decl":{"start":{"line":18,"column":13},"end":{"line":18,"column":14}},"loc":{"start":{"line":18,"column":19},"end":{"line":18,"column":21}},"line":18},"1":{"name":"useToast","decl":{"start":{"line":21,"column":16},"end":{"line":21,"column":24}},"loc":{"start":{"line":21,"column":27},"end":{"line":23,"column":1}},"line":21},"2":{"name":"ToastProvider","decl":{"start":{"line":25,"column":16},"end":{"line":25,"column":29}},"loc":{"start":{"line":25,"column":75},"end":{"line":48,"column":1}},"line":25},"3":{"name":"(anonymous_3)","decl":{"start":{"line":29,"column":32},"end":{"line":29,"column":33}},"loc":{"start":{"line":29,"column":55},"end":{"line":32,"column":3}},"line":29},"4":{"name":"(anonymous_4)","decl":{"start":{"line":31,"column":14},"end":{"line":31,"column":15}},"loc":{"start":{"line":31,"column":24},"end":{"line":31,"column":51}},"line":31},"5":{"name":"(anonymous_5)","decl":{"start":{"line":34,"column":35},"end":{"line":34,"column":36}},"loc":{"start":{"line":34,"column":51},"end":{"line":36,"column":3}},"line":34},"6":{"name":"(anonymous_6)","decl":{"start":{"line":35,"column":14},"end":{"line":35,"column":15}},"loc":{"start":{"line":35,"column":24},"end":{"line":35,"column":55}},"line":35},"7":{"name":"(anonymous_7)","decl":{"start":{"line":35,"column":36},"end":{"line":35,"column":37}},"loc":{"start":{"line":35,"column":43},"end":{"line":35,"column":54}},"line":35},"8":{"name":"(anonymous_8)","decl":{"start":{"line":42,"column":20},"end":{"line":42,"column":21}},"loc":{"start":{"line":43,"column":10},"end":{"line":43,"column":73}},"line":43}},"branchMap":{},"s":{"0":1,"1":8,"2":8,"3":8,"4":8,"5":4,"6":4,"7":4,"8":8,"9":0,"10":0,"11":0,"12":8,"13":5,"14":1},"f":{"0":0,"1":8,"2":8,"3":4,"4":4,"5":0,"6":0,"7":0,"8":5},"b":{},"_coverageSchema":"1a1c01bbd47fc00a2c39e90264f33305004495a9","hash":"ee618d895b9c7b66b3b2e0db416e2f32dc6020b9"}
,"/Users/victormilitao/Documents/apps/medical-surgey/hooks/usePatientDashboard.ts": {"path":"/Users/victormilitao/Documents/apps/medical-surgey/hooks/usePatientDashboard.ts","statementMap":{"0":{"start":{"line":5,"column":35},"end":{"line":18,"column":1}},"1":{"start":{"line":9,"column":2},"end":{"line":17,"column":5}},"2":{"start":{"line":12,"column":6},"end":{"line":12,"column":64}},"3":{"start":{"line":12,"column":22},"end":{"line":12,"column":64}},"4":{"start":{"line":13,"column":6},"end":{"line":13,"column":63}}},"fnMap":{"0":{"name":"(anonymous_0)","decl":{"start":{"line":5,"column":35},"end":{"line":5,"column":36}},"loc":{"start":{"line":8,"column":5},"end":{"line":18,"column":1}},"line":8},"1":{"name":"(anonymous_1)","decl":{"start":{"line":11,"column":13},"end":{"line":11,"column":14}},"loc":{"start":{"line":11,"column":19},"end":{"line":14,"column":5}},"line":11}},"branchMap":{"0":{"loc":{"start":{"line":12,"column":6},"end":{"line":12,"column":64}},"type":"if","locations":[{"start":{"line":12,"column":6},"end":{"line":12,"column":64}},{"start":{},"end":{}}],"line":12}},"s":{"0":1,"1":5,"2":2,"3":0,"4":2},"f":{"0":5,"1":2},"b":{"0":[0,2]},"_coverageSchema":"1a1c01bbd47fc00a2c39e90264f33305004495a9","hash":"cbfcf22334cb0e7679207a5737fd46ab9b01dbab"}
,"/Users/victormilitao/Documents/apps/medical-surgey/hooks/usePatients.ts": {"path":"/Users/victormilitao/Documents/apps/medical-surgey/hooks/usePatients.ts","statementMap":{"0":{"start":{"line":5,"column":35},"end":{"line":18,"column":1}},"1":{"start":{"line":9,"column":4},"end":{"line":17,"column":7}},"2":{"start":{"line":12,"column":12},"end":{"line":12,"column":68}},"3":{"start":{"line":12,"column":27},"end":{"line":12,"column":68}},"4":{"start":{"line":13,"column":12},"end":{"line":13,"column":66}},"5":{"start":{"line":20,"column":26},"end":{"line":33,"column":1}},"6":{"start":{"line":24,"column":4},"end":{"line":32,"column":7}},"7":{"start":{"line":27,"column":12},"end":{"line":27,"column":70}},"8":{"start":{"line":27,"column":28},"end":{"line":27,"column":70}},"9":{"start":{"line":28,"column":12},"end":{"line":28,"column":60}}},"fnMap":{"0":{"name":"(anonymous_0)","decl":{"start":{"line":5,"column":35},"end":{"line":5,"column":36}},"loc":{"start":{"line":8,"column":5},"end":{"line":18,"column":1}},"line":8},"1":{"name":"(anonymous_1)","decl":{"start":{"line":11,"column":17},"end":{"line":11,"column":18}},"loc":{"start":{"line":11,"column":23},"end":{"line":14,"column":9}},"line":11},"2":{"name":"(anonymous_2)","decl":{"start":{"line":20,"column":26},"end":{"line":20,"column":27}},"loc":{"start":{"line":23,"column":5},"end":{"line":33,"column":1}},"line":23},"3":{"name":"(anonymous_3)","decl":{"start":{"line":26,"column":17},"end":{"line":26,"column":18}},"loc":{"start":{"line":26,"column":23},"end":{"line":29,"column":9}},"line":26}},"branchMap":{"0":{"loc":{"start":{"line":12,"column":12},"end":{"line":12,"column":68}},"type":"if","locations":[{"start":{"line":12,"column":12},"end":{"line":12,"column":68}},{"start":{},"end":{}}],"line":12},"1":{"loc":{"start":{"line":27,"column":12},"end":{"line":27,"column":70}},"type":"if","locations":[{"start":{"line":27,"column":12},"end":{"line":27,"column":70}},{"start":{},"end":{}}],"line":27}},"s":{"0":1,"1":3,"2":1,"3":0,"4":1,"5":1,"6":3,"7":1,"8":0,"9":1},"f":{"0":3,"1":1,"2":3,"3":1},"b":{"0":[0,1],"1":[0,1]},"_coverageSchema":"1a1c01bbd47fc00a2c39e90264f33305004495a9","hash":"a09f0abb827d740ef944b2112a0e7dbdffb40b28"}
,"/Users/victormilitao/Documents/apps/medical-surgey/hooks/useSurgeries.ts": {"path":"/Users/victormilitao/Documents/apps/medical-surgey/hooks/useSurgeries.ts","statementMap":{"0":{"start":{"line":9,"column":36},"end":{"line":22,"column":1}},"1":{"start":{"line":13,"column":2},"end":{"line":21,"column":5}},"2":{"start":{"line":16,"column":6},"end":{"line":16,"column":62}},"3":{"start":{"line":16,"column":21},"end":{"line":16,"column":62}},"4":{"start":{"line":17,"column":6},"end":{"line":17,"column":61}},"5":{"start":{"line":24,"column":26},"end":{"line":37,"column":1}},"6":{"start":{"line":28,"column":2},"end":{"line":36,"column":5}},"7":{"start":{"line":31,"column":6},"end":{"line":31,"column":64}},"8":{"start":{"line":31,"column":22},"end":{"line":31,"column":64}},"9":{"start":{"line":32,"column":6},"end":{"line":32,"column":54}},"10":{"start":{"line":39,"column":32},"end":{"line":68,"column":1}},"11":{"start":{"line":53,"column":2},"end":{"line":67,"column":5}},"12":{"start":{"line":65,"column":26},"end":{"line":65,"column":60}},"13":{"start":{"line":70,"column":40},"end":{"line":84,"column":1}},"14":{"start":{"line":71,"column":22},"end":{"line":71,"column":38}},"15":{"start":{"line":72,"column":17},"end":{"line":72,"column":30}},"16":{"start":{"line":74,"column":2},"end":{"line":83,"column":30}},"17":{"start":{"line":75,"column":4},"end":{"line":75,"column":44}},"18":{"start":{"line":75,"column":37},"end":{"line":75,"column":44}},"19":{"start":{"line":76,"column":4},"end":{"line":76,"column":26}},"20":{"start":{"line":78,"column":4},"end":{"line":82,"column":7}},"21":{"start":{"line":79,"column":6},"end":{"line":79,"column":85}},"22":{"start":{"line":81,"column":6},"end":{"line":81,"column":61}}},"fnMap":{"0":{"name":"(anonymous_0)","decl":{"start":{"line":9,"column":36},"end":{"line":9,"column":37}},"loc":{"start":{"line":12,"column":5},"end":{"line":22,"column":1}},"line":12},"1":{"name":"(anonymous_1)","decl":{"start":{"line":15,"column":13},"end":{"line":15,"column":14}},"loc":{"start":{"line":15,"column":19},"end":{"line":18,"column":5}},"line":15},"2":{"name":"(anonymous_2)","decl":{"start":{"line":24,"column":26},"end":{"line":24,"column":27}},"loc":{"start":{"line":27,"column":5},"end":{"line":37,"column":1}},"line":27},"3":{"name":"(anonymous_3)","decl":{"start":{"line":30,"column":13},"end":{"line":30,"column":14}},"loc":{"start":{"line":30,"column":19},"end":{"line":33,"column":5}},"line":30},"4":{"name":"(anonymous_4)","decl":{"start":{"line":39,"column":32},"end":{"line":39,"column":33}},"loc":{"start":{"line":52,"column":5},"end":{"line":68,"column":1}},"line":52},"5":{"name":"(anonymous_5)","decl":{"start":{"line":65,"column":16},"end":{"line":65,"column":17}},"loc":{"start":{"line":65,"column":26},"end":{"line":65,"column":60}},"line":65},"6":{"name":"(anonymous_6)","decl":{"start":{"line":70,"column":40},"end":{"line":70,"column":41}},"loc":{"start":{"line":70,"column":74},"end":{"line":84,"column":1}},"line":70},"7":{"name":"(anonymous_7)","decl":{"start":{"line":74,"column":12},"end":{"line":74,"column":13}},"loc":{"start":{"line":74,"column":18},"end":{"line":83,"column":3}},"line":74},"8":{"name":"(anonymous_8)","decl":{"start":{"line":78,"column":64},"end":{"line":78,"column":65}},"loc":{"start":{"line":78,"column":70},"end":{"line":80,"column":5}},"line":78},"9":{"name":"(anonymous_9)","decl":{"start":{"line":80,"column":13},"end":{"line":80,"column":14}},"loc":{"start":{"line":80,"column":22},"end":{"line":82,"column":5}},"line":80}},"branchMap":{"0":{"loc":{"start":{"line":16,"column":6},"end":{"line":16,"column":62}},"type":"if","locations":[{"start":{"line":16,"column":6},"end":{"line":16,"column":62}},{"start":{},"end":{}}],"line":16},"1":{"loc":{"start":{"line":31,"column":6},"end":{"line":31,"column":64}},"type":"if","locations":[{"start":{"line":31,"column":6},"end":{"line":31,"column":64}},{"start":{},"end":{}}],"line":31},"2":{"loc":{"start":{"line":75,"column":4},"end":{"line":75,"column":44}},"type":"if","locations":[{"start":{"line":75,"column":4},"end":{"line":75,"column":44}},{"start":{},"end":{}}],"line":75},"3":{"loc":{"start":{"line":75,"column":8},"end":{"line":75,"column":35}},"type":"binary-expr","locations":[{"start":{"line":75,"column":8},"end":{"line":75,"column":17}},{"start":{"line":75,"column":21},"end":{"line":75,"column":35}}],"line":75}},"s":{"0":1,"1":3,"2":1,"3":0,"4":1,"5":1,"6":3,"7":1,"8":0,"9":1,"10":1,"11":2,"12":1,"13":1,"14":2,"15":2,"16":2,"17":2,"18":1,"19":1,"20":1,"21":1,"22":0},"f":{"0":3,"1":1,"2":3,"3":1,"4":2,"5":1,"6":2,"7":2,"8":1,"9":0},"b":{"0":[0,1],"1":[0,1],"2":[1,1],"3":[2,1]},"_coverageSchema":"1a1c01bbd47fc00a2c39e90264f33305004495a9","hash":"c3122552594abdfa431965656a972af2dcc84e9f"}
,"/Users/victormilitao/Documents/apps/medical-surgey/hooks/useSurgeryTypes.ts": {"path":"/Users/victormilitao/Documents/apps/medical-surgey/hooks/useSurgeryTypes.ts","statementMap":{"0":{"start":{"line":7,"column":31},"end":{"line":15,"column":1}},"1":{"start":{"line":10,"column":2},"end":{"line":14,"column":5}},"2":{"start":{"line":12,"column":19},"end":{"line":12,"column":61}},"3":{"start":{"line":17,"column":30},"end":{"line":30,"column":1}},"4":{"start":{"line":21,"column":2},"end":{"line":29,"column":5}},"5":{"start":{"line":24,"column":6},"end":{"line":24,"column":62}},"6":{"start":{"line":24,"column":15},"end":{"line":24,"column":62}},"7":{"start":{"line":25,"column":6},"end":{"line":25,"column":55}}},"fnMap":{"0":{"name":"(anonymous_0)","decl":{"start":{"line":7,"column":31},"end":{"line":7,"column":32}},"loc":{"start":{"line":9,"column":5},"end":{"line":15,"column":1}},"line":9},"1":{"name":"(anonymous_1)","decl":{"start":{"line":12,"column":13},"end":{"line":12,"column":14}},"loc":{"start":{"line":12,"column":19},"end":{"line":12,"column":61}},"line":12},"2":{"name":"(anonymous_2)","decl":{"start":{"line":17,"column":30},"end":{"line":17,"column":31}},"loc":{"start":{"line":20,"column":5},"end":{"line":30,"column":1}},"line":20},"3":{"name":"(anonymous_3)","decl":{"start":{"line":23,"column":13},"end":{"line":23,"column":14}},"loc":{"start":{"line":23,"column":19},"end":{"line":26,"column":5}},"line":23}},"branchMap":{"0":{"loc":{"start":{"line":24,"column":6},"end":{"line":24,"column":62}},"type":"if","locations":[{"start":{"line":24,"column":6},"end":{"line":24,"column":62}},{"start":{},"end":{}}],"line":24}},"s":{"0":1,"1":2,"2":1,"3":1,"4":3,"5":1,"6":0,"7":1},"f":{"0":2,"1":1,"2":3,"3":1},"b":{"0":[0,1]},"_coverageSchema":"1a1c01bbd47fc00a2c39e90264f33305004495a9","hash":"99688a253cfb03abe3c0979b089b7e685cc5159c"}
,"/Users/victormilitao/Documents/apps/medical-surgey/services/supabase/doctorService.ts": {"path":"/Users/victormilitao/Documents/apps/medical-surgey/services/supabase/doctorService.ts","statementMap":{"0":{"start":{"line":15,"column":27},"end":{"line":15,"column":58}},"1":{"start":{"line":16,"column":53},"end":{"line":19,"column":10}},"2":{"start":{"line":21,"column":8},"end":{"line":26,"column":9}},"3":{"start":{"line":22,"column":12},"end":{"line":24,"column":13}},"4":{"start":{"line":23,"column":16},"end":{"line":23,"column":74}},"5":{"start":{"line":25,"column":12},"end":{"line":25,"column":28}},"6":{"start":{"line":28,"column":8},"end":{"line":30,"column":9}},"7":{"start":{"line":29,"column":12},"end":{"line":29,"column":65}},"8":{"start":{"line":33,"column":39},"end":{"line":36,"column":10}},"9":{"start":{"line":38,"column":8},"end":{"line":41,"column":9}},"10":{"start":{"line":39,"column":12},"end":{"line":39,"column":70}},"11":{"start":{"line":40,"column":12},"end":{"line":40,"column":119}},"12":{"start":{"line":44,"column":40},"end":{"line":54,"column":39}},"13":{"start":{"line":56,"column":8},"end":{"line":63,"column":9}},"14":{"start":{"line":57,"column":12},"end":{"line":57,"column":81}},"15":{"start":{"line":58,"column":12},"end":{"line":58,"column":42}},"16":{"start":{"line":59,"column":12},"end":{"line":61,"column":13}},"17":{"start":{"line":60,"column":16},"end":{"line":60,"column":87}},"18":{"start":{"line":62,"column":12},"end":{"line":62,"column":87}},"19":{"start":{"line":66,"column":8},"end":{"line":66,"column":38}},"20":{"start":{"line":68,"column":8},"end":{"line":68,"column":46}},"21":{"start":{"line":73,"column":29},"end":{"line":73,"column":56}}},"fnMap":{"0":{"name":"(anonymous_0)","decl":{"start":{"line":5,"column":4},"end":{"line":5,"column":5}},"loc":{"start":{"line":13,"column":38},"end":{"line":69,"column":5}},"line":13}},"branchMap":{"0":{"loc":{"start":{"line":21,"column":8},"end":{"line":26,"column":9}},"type":"if","locations":[{"start":{"line":21,"column":8},"end":{"line":26,"column":9}},{"start":{},"end":{}}],"line":21},"1":{"loc":{"start":{"line":22,"column":12},"end":{"line":24,"column":13}},"type":"if","locations":[{"start":{"line":22,"column":12},"end":{"line":24,"column":13}},{"start":{},"end":{}}],"line":22},"2":{"loc":{"start":{"line":28,"column":8},"end":{"line":30,"column":9}},"type":"if","locations":[{"start":{"line":28,"column":8},"end":{"line":30,"column":9}},{"start":{},"end":{}}],"line":28},"3":{"loc":{"start":{"line":38,"column":8},"end":{"line":41,"column":9}},"type":"if","locations":[{"start":{"line":38,"column":8},"end":{"line":41,"column":9}},{"start":{},"end":{}}],"line":38},"4":{"loc":{"start":{"line":51,"column":32},"end":{"line":51,"column":59}},"type":"binary-expr","locations":[{"start":{"line":51,"column":32},"end":{"line":51,"column":51}},{"start":{"line":51,"column":55},"end":{"line":51,"column":59}}],"line":51},"5":{"loc":{"start":{"line":56,"column":8},"end":{"line":63,"column":9}},"type":"if","locations":[{"start":{"line":56,"column":8},"end":{"line":63,"column":9}},{"start":{},"end":{}}],"line":56},"6":{"loc":{"start":{"line":59,"column":12},"end":{"line":61,"column":13}},"type":"if","locations":[{"start":{"line":59,"column":12},"end":{"line":61,"column":13}},{"start":{},"end":{}}],"line":59},"7":{"loc":{"start":{"line":62,"column":28},"end":{"line":62,"column":85}},"type":"binary-expr","locations":[{"start":{"line":62,"column":28},"end":{"line":62,"column":48}},{"start":{"line":62,"column":52},"end":{"line":62,"column":85}}],"line":62}},"s":{"0":5,"1":5,"2":5,"3":1,"4":1,"5":0,"6":4,"7":1,"8":3,"9":3,"10":1,"11":1,"12":2,"13":2,"14":1,"15":1,"16":1,"17":1,"18":0,"19":1,"20":1,"21":1},"f":{"0":5},"b":{"0":[1,4],"1":[1,0],"2":[1,3],"3":[1,2],"4":[2,2],"5":[1,1],"6":[1,0],"7":[0,0]},"_coverageSchema":"1a1c01bbd47fc00a2c39e90264f33305004495a9","hash":"8c36d4f2354f103c57b1489365bd3f6633583900"}
,"/Users/victormilitao/Documents/apps/medical-surgey/services/supabase/patientService.ts": {"path":"/Users/victormilitao/Documents/apps/medical-surgey/services/supabase/patientService.ts","statementMap":{"0":{"start":{"line":10,"column":32},"end":{"line":16,"column":38}},"1":{"start":{"line":18,"column":8},"end":{"line":21,"column":9}},"2":{"start":{"line":19,"column":12},"end":{"line":19,"column":61}},"3":{"start":{"line":20,"column":12},"end":{"line":20,"column":24}},"4":{"start":{"line":23,"column":8},"end":{"line":26,"column":12}},"5":{"start":{"line":23,"column":38},"end":{"line":26,"column":9}},"6":{"start":{"line":30,"column":32},"end":{"line":37,"column":21}},"7":{"start":{"line":39,"column":8},"end":{"line":42,"column":9}},"8":{"start":{"line":40,"column":12},"end":{"line":40,"column":60}},"9":{"start":{"line":41,"column":12},"end":{"line":41,"column":24}},"10":{"start":{"line":44,"column":8},"end":{"line":47,"column":17}},"11":{"start":{"line":52,"column":55},"end":{"line":56,"column":21}},"12":{"start":{"line":58,"column":8},"end":{"line":61,"column":9}},"13":{"start":{"line":59,"column":12},"end":{"line":59,"column":67}},"14":{"start":{"line":60,"column":12},"end":{"line":60,"column":24}},"15":{"start":{"line":64,"column":34},"end":{"line":68,"column":21}},"16":{"start":{"line":70,"column":143},"end":{"line":70,"column":147}},"17":{"start":{"line":71,"column":31},"end":{"line":71,"column":32}},"18":{"start":{"line":72,"column":32},"end":{"line":72,"column":34}},"19":{"start":{"line":74,"column":8},"end":{"line":95,"column":9}},"20":{"start":{"line":75,"column":38},"end":{"line":82,"column":25}},"21":{"start":{"line":84,"column":12},"end":{"line":94,"column":13}},"22":{"start":{"line":85,"column":16},"end":{"line":85,"column":48}},"23":{"start":{"line":86,"column":16},"end":{"line":86,"column":121}},"24":{"start":{"line":88,"column":34},"end":{"line":88,"column":79}},"25":{"start":{"line":89,"column":36},"end":{"line":89,"column":114}},"26":{"start":{"line":91,"column":30},"end":{"line":91,"column":40}},"27":{"start":{"line":92,"column":16},"end":{"line":92,"column":43}},"28":{"start":{"line":93,"column":16},"end":{"line":93,"column":113}},"29":{"start":{"line":97,"column":8},"end":{"line":102,"column":10}},"30":{"start":{"line":117,"column":26},"end":{"line":117,"column":52}},"31":{"start":{"line":121,"column":57},"end":{"line":128,"column":10}},"32":{"start":{"line":130,"column":8},"end":{"line":135,"column":9}},"33":{"start":{"line":131,"column":12},"end":{"line":133,"column":13}},"34":{"start":{"line":132,"column":16},"end":{"line":132,"column":82}},"35":{"start":{"line":134,"column":12},"end":{"line":134,"column":28}},"36":{"start":{"line":136,"column":8},"end":{"line":136,"column":91}},"37":{"start":{"line":136,"column":27},"end":{"line":136,"column":91}},"38":{"start":{"line":139,"column":59},"end":{"line":151,"column":21}},"39":{"start":{"line":153,"column":8},"end":{"line":153,"column":102}},"40":{"start":{"line":153,"column":42},"end":{"line":153,"column":102}},"41":{"start":{"line":156,"column":44},"end":{"line":161,"column":14}},"42":{"start":{"line":163,"column":8},"end":{"line":163,"column":53}},"43":{"start":{"line":163,"column":30},"end":{"line":163,"column":53}},"44":{"start":{"line":165,"column":8},"end":{"line":165,"column":70}},"45":{"start":{"line":170,"column":30},"end":{"line":170,"column":58}}},"fnMap":{"0":{"name":"(anonymous_0)","decl":{"start":{"line":9,"column":4},"end":{"line":9,"column":5}},"loc":{"start":{"line":9,"column":81},"end":{"line":27,"column":5}},"line":9},"1":{"name":"(anonymous_1)","decl":{"start":{"line":23,"column":32},"end":{"line":23,"column":33}},"loc":{"start":{"line":23,"column":38},"end":{"line":26,"column":9}},"line":23},"2":{"name":"(anonymous_2)","decl":{"start":{"line":29,"column":4},"end":{"line":29,"column":5}},"loc":{"start":{"line":29,"column":80},"end":{"line":48,"column":5}},"line":29},"3":{"name":"(anonymous_3)","decl":{"start":{"line":50,"column":4},"end":{"line":50,"column":5}},"loc":{"start":{"line":50,"column":91},"end":{"line":103,"column":5}},"line":50},"4":{"name":"(anonymous_4)","decl":{"start":{"line":105,"column":4},"end":{"line":105,"column":5}},"loc":{"start":{"line":115,"column":58},"end":{"line":166,"column":5}},"line":115}},"branchMap":{"0":{"loc":{"start":{"line":18,"column":8},"end":{"line":21,"column":9}},"type":"if","locations":[{"start":{"line":18,"column":8},"end":{"line":21,"column":9}},{"start":{},"end":{}}],"line":18},"1":{"loc":{"start":{"line":23,"column":16},"end":{"line":23,"column":26}},"type":"binary-expr","locations":[{"start":{"line":23,"column":16},"end":{"line":23,"column":20}},{"start":{"line":23,"column":24},"end":{"line":23,"column":26}}],"line":23},"2":{"loc":{"start":{"line":39,"column":8},"end":{"line":42,"column":9}},"type":"if","locations":[{"start":{"line":39,"column":8},"end":{"line":42,"column":9}},{"start":{},"end":{}}],"line":39},"3":{"loc":{"start":{"line":44,"column":15},"end":{"line":47,"column":16}},"type":"cond-expr","locations":[{"start":{"line":44,"column":22},"end":{"line":47,"column":9}},{"start":{"line":47,"column":12},"end":{"line":47,"column":16}}],"line":44},"4":{"loc":{"start":{"line":58,"column":8},"end":{"line":61,"column":9}},"type":"if","locations":[{"start":{"line":58,"column":8},"end":{"line":61,"column":9}},{"start":{},"end":{}}],"line":58},"5":{"loc":{"start":{"line":58,"column":12},"end":{"line":58,"column":36}},"type":"binary-expr","locations":[{"start":{"line":58,"column":12},"end":{"line":58,"column":24}},{"start":{"line":58,"column":28},"end":{"line":58,"column":36}}],"line":58},"6":{"loc":{"start":{"line":74,"column":8},"end":{"line":95,"column":9}},"type":"if","locations":[{"start":{"line":74,"column":8},"end":{"line":95,"column":9}},{"start":{},"end":{}}],"line":74},"7":{"loc":{"start":{"line":84,"column":12},"end":{"line":94,"column":13}},"type":"if","locations":[{"start":{"line":84,"column":12},"end":{"line":94,"column":13}},{"start":{},"end":{}}],"line":84},"8":{"loc":{"start":{"line":86,"column":36},"end":{"line":86,"column":120}},"type":"binary-expr","locations":[{"start":{"line":86,"column":36},"end":{"line":86,"column":67}},{"start":{"line":86,"column":71},"end":{"line":86,"column":114}},{"start":{"line":86,"column":118},"end":{"line":86,"column":120}}],"line":86},"9":{"loc":{"start":{"line":127,"column":27},"end":{"line":127,"column":45}},"type":"binary-expr","locations":[{"start":{"line":127,"column":27},"end":{"line":127,"column":37}},{"start":{"line":127,"column":41},"end":{"line":127,"column":45}}],"line":127},"10":{"loc":{"start":{"line":130,"column":8},"end":{"line":135,"column":9}},"type":"if","locations":[{"start":{"line":130,"column":8},"end":{"line":135,"column":9}},{"start":{},"end":{}}],"line":130},"11":{"loc":{"start":{"line":131,"column":12},"end":{"line":133,"column":13}},"type":"if","locations":[{"start":{"line":131,"column":12},"end":{"line":133,"column":13}},{"start":{},"end":{}}],"line":131},"12":{"loc":{"start":{"line":131,"column":16},"end":{"line":131,"column":90}},"type":"binary-expr","locations":[{"start":{"line":131,"column":16},"end":{"line":131,"column":42}},{"start":{"line":131,"column":46},"end":{"line":131,"column":90}}],"line":131},"13":{"loc":{"start":{"line":136,"column":8},"end":{"line":136,"column":91}},"type":"if","locations":[{"start":{"line":136,"column":8},"end":{"line":136,"column":91}},{"start":{},"end":{}}],"line":136},"14":{"loc":{"start":{"line":148,"column":32},"end":{"line":148,"column":57}},"type":"binary-expr","locations":[{"start":{"line":148,"column":32},"end":{"line":148,"column":49}},{"start":{"line":148,"column":53},"end":{"line":148,"column":57}}],"line":148},"15":{"loc":{"start":{"line":153,"column":8},"end":{"line":153,"column":102}},"type":"if","locations":[{"start":{"line":153,"column":8},"end":{"line":153,"column":102}},{"start":{},"end":{}}],"line":153},"16":{"loc":{"start":{"line":153,"column":12},"end":{"line":153,"column":40}},"type":"binary-expr","locations":[{"start":{"line":153,"column":12},"end":{"line":153,"column":24}},{"start":{"line":153,"column":28},"end":{"line":153,"column":40}}],"line":153},"17":{"loc":{"start":{"line":153,"column":48},"end":{"line":153,"column":101}},"type":"binary-expr","locations":[{"start":{"line":153,"column":48},"end":{"line":153,"column":60}},{"start":{"line":153,"column":64},"end":{"line":153,"column":101}}],"line":153},"18":{"loc":{"start":{"line":163,"column":8},"end":{"line":163,"column":53}},"type":"if","locations":[{"start":{"line":163,"column":8},"end":{"line":163,"column":53}},{"start":{},"end":{}}],"line":163}},"s":{"0":2,"1":2,"2":1,"3":1,"4":1,"5":2,"6":2,"7":2,"8":1,"9":1,"10":1,"11":3,"12":3,"13":1,"14":1,"15":2,"16":2,"17":2,"18":2,"19":2,"20":1,"21":1,"22":1,"23":1,"24":1,"25":1,"26":1,"27":1,"28":1,"29":2,"30":3,"31":3,"32":3,"33":1,"34":1,"35":0,"36":2,"37":1,"38":1,"39":1,"40":0,"41":1,"42":1,"43":0,"44":1,"45":1},"f":{"0":2,"1":2,"2":2,"3":3,"4":3},"b":{"0":[1,1],"1":[1,0],"2":[1,1],"3":[1,0],"4":[1,2],"5":[3,2],"6":[1,1],"7":[1,0],"8":[1,0,0],"9":[3,0],"10":[1,2],"11":[1,0],"12":[1,0],"13":[1,1],"14":[1,1],"15":[0,1],"16":[1,1],"17":[0,0],"18":[0,1]},"_coverageSchema":"1a1c01bbd47fc00a2c39e90264f33305004495a9","hash":"39aed17e42475a98291ae51efa6561ecac70afd6"}
,"/Users/victormilitao/Documents/apps/medical-surgey/services/supabase/questionService.ts": {"path":"/Users/victormilitao/Documents/apps/medical-surgey/services/supabase/questionService.ts","statementMap":{"0":{"start":{"line":6,"column":28},"end":{"line":18,"column":50}},"1":{"start":{"line":20,"column":4},"end":{"line":23,"column":5}},"2":{"start":{"line":21,"column":6},"end":{"line":21,"column":56}},"3":{"start":{"line":22,"column":6},"end":{"line":22,"column":18}},"4":{"start":{"line":25,"column":4},"end":{"line":25,"column":25}},"5":{"start":{"line":25,"column":15},"end":{"line":25,"column":25}},"6":{"start":{"line":29,"column":22},"end":{"line":46,"column":30}},"7":{"start":{"line":32,"column":27},"end":{"line":32,"column":40}},"8":{"start":{"line":34,"column":6},"end":{"line":34,"column":37}},"9":{"start":{"line":34,"column":25},"end":{"line":34,"column":37}},"10":{"start":{"line":37,"column":6},"end":{"line":39,"column":7}},"11":{"start":{"line":38,"column":8},"end":{"line":38,"column":103}},"12":{"start":{"line":38,"column":54},"end":{"line":38,"column":101}},"13":{"start":{"line":41,"column":6},"end":{"line":45,"column":8}},"14":{"start":{"line":46,"column":19},"end":{"line":46,"column":29}},"15":{"start":{"line":48,"column":4},"end":{"line":48,"column":46}},"16":{"start":{"line":51,"column":31},"end":{"line":51,"column":60}}},"fnMap":{"0":{"name":"(anonymous_0)","decl":{"start":{"line":5,"column":2},"end":{"line":5,"column":3}},"loc":{"start":{"line":5,"column":91},"end":{"line":49,"column":3}},"line":5},"1":{"name":"(anonymous_1)","decl":{"start":{"line":29,"column":31},"end":{"line":29,"column":32}},"loc":{"start":{"line":29,"column":46},"end":{"line":46,"column":5}},"line":29},"2":{"name":"(anonymous_2)","decl":{"start":{"line":38,"column":34},"end":{"line":38,"column":35}},"loc":{"start":{"line":38,"column":54},"end":{"line":38,"column":101}},"line":38},"3":{"name":"(anonymous_3)","decl":{"start":{"line":46,"column":14},"end":{"line":46,"column":15}},"loc":{"start":{"line":46,"column":19},"end":{"line":46,"column":29}},"line":46}},"branchMap":{"0":{"loc":{"start":{"line":20,"column":4},"end":{"line":23,"column":5}},"type":"if","locations":[{"start":{"line":20,"column":4},"end":{"line":23,"column":5}},{"start":{},"end":{}}],"line":20},"1":{"loc":{"start":{"line":25,"column":4},"end":{"line":25,"column":25}},"type":"if","locations":[{"start":{"line":25,"column":4},"end":{"line":25,"column":25}},{"start":{},"end":{}}],"line":25},"2":{"loc":{"start":{"line":34,"column":6},"end":{"line":34,"column":37}},"type":"if","locations":[{"start":{"line":34,"column":6},"end":{"line":34,"column":37}},{"start":{},"end":{}}],"line":34},"3":{"loc":{"start":{"line":37,"column":6},"end":{"line":39,"column":7}},"type":"if","locations":[{"start":{"line":37,"column":6},"end":{"line":39,"column":7}},{"start":{},"end":{}}],"line":37},"4":{"loc":{"start":{"line":37,"column":10},"end":{"line":37,"column":69}},"type":"binary-expr","locations":[{"start":{"line":37,"column":10},"end":{"line":37,"column":30}},{"start":{"line":37,"column":34},"end":{"line":37,"column":69}}],"line":37},"5":{"loc":{"start":{"line":38,"column":55},"end":{"line":38,"column":75}},"type":"binary-expr","locations":[{"start":{"line":38,"column":55},"end":{"line":38,"column":70}},{"start":{"line":38,"column":74},"end":{"line":38,"column":75}}],"line":38},"6":{"loc":{"start":{"line":38,"column":80},"end":{"line":38,"column":100}},"type":"binary-expr","locations":[{"start":{"line":38,"column":80},"end":{"line":38,"column":95}},{"start":{"line":38,"column":99},"end":{"line":38,"column":100}}],"line":38}},"s":{"0":4,"1":4,"2":1,"3":1,"4":3,"5":1,"6":2,"7":4,"8":4,"9":1,"10":3,"11":3,"12":1,"13":3,"14":4,"15":2,"16":1},"f":{"0":4,"1":4,"2":1,"3":4},"b":{"0":[1,3],"1":[1,2],"2":[1,3],"3":[3,0],"4":[3,3],"5":[1,0],"6":[1,0]},"_coverageSchema":"1a1c01bbd47fc00a2c39e90264f33305004495a9","hash":"13555538a9c414e7e6ce6a55d3529f168caf5855"}
,"/Users/victormilitao/Documents/apps/medical-surgey/services/supabase/reportService.ts": {"path":"/Users/victormilitao/Documents/apps/medical-surgey/services/supabase/reportService.ts","statementMap":{"0":{"start":{"line":12,"column":24},"end":{"line":12,"column":25}},"1":{"start":{"line":13,"column":27},"end":{"line":13,"column":28}},"2":{"start":{"line":14,"column":20},"end":{"line":14,"column":21}},"3":{"start":{"line":15,"column":29},"end":{"line":15,"column":31}},"4":{"start":{"line":16,"column":34},"end":{"line":16,"column":36}},"5":{"start":{"line":19,"column":4},"end":{"line":76,"column":5}},"6":{"start":{"line":20,"column":26},"end":{"line":20,"column":46}},"7":{"start":{"line":23,"column":6},"end":{"line":23,"column":92}},"8":{"start":{"line":23,"column":83},"end":{"line":23,"column":92}},"9":{"start":{"line":25,"column":25},"end":{"line":25,"column":96}},"10":{"start":{"line":26,"column":23},"end":{"line":26,"column":28}},"11":{"start":{"line":29,"column":6},"end":{"line":67,"column":7}},"12":{"start":{"line":30,"column":27},"end":{"line":30,"column":52}},"13":{"start":{"line":31,"column":8},"end":{"line":42,"column":9}},"14":{"start":{"line":32,"column":10},"end":{"line":34,"column":11}},"15":{"start":{"line":33,"column":12},"end":{"line":33,"column":35}},"16":{"start":{"line":36,"column":30},"end":{"line":36,"column":69}},"17":{"start":{"line":37,"column":10},"end":{"line":41,"column":11}},"18":{"start":{"line":38,"column":12},"end":{"line":38,"column":30}},"19":{"start":{"line":39,"column":17},"end":{"line":41,"column":11}},"20":{"start":{"line":40,"column":12},"end":{"line":40,"column":30}},"21":{"start":{"line":43,"column":13},"end":{"line":67,"column":7}},"22":{"start":{"line":45,"column":31},"end":{"line":45,"column":95}},"23":{"start":{"line":45,"column":61},"end":{"line":45,"column":94}},"24":{"start":{"line":46,"column":8},"end":{"line":53,"column":9}},"25":{"start":{"line":47,"column":35},"end":{"line":47,"column":80}},"26":{"start":{"line":48,"column":10},"end":{"line":52,"column":11}},"27":{"start":{"line":49,"column":12},"end":{"line":49,"column":30}},"28":{"start":{"line":50,"column":12},"end":{"line":50,"column":41}},"29":{"start":{"line":51,"column":12},"end":{"line":51,"column":76}},"30":{"start":{"line":54,"column":13},"end":{"line":67,"column":7}},"31":{"start":{"line":56,"column":8},"end":{"line":66,"column":9}},"32":{"start":{"line":57,"column":10},"end":{"line":65,"column":11}},"33":{"start":{"line":58,"column":27},"end":{"line":58,"column":83}},"34":{"start":{"line":58,"column":57},"end":{"line":58,"column":82}},"35":{"start":{"line":59,"column":37},"end":{"line":59,"column":91}},"36":{"start":{"line":60,"column":12},"end":{"line":64,"column":13}},"37":{"start":{"line":61,"column":14},"end":{"line":61,"column":32}},
[...]
27":{"loc":{"start":{"line":122,"column":6},"end":{"line":125,"column":7}},"type":"if","locations":[{"start":{"line":122,"column":6},"end":{"line":125,"column":7}},{"start":{},"end":{}}],"line":122},"28":{"loc":{"start":{"line":129,"column":22},"end":{"line":131,"column":18}},"type":"cond-expr","locations":[{"start":{"line":129,"column":53},"end":{"line":129,"column":63}},{"start":{"line":130,"column":8},"end":{"line":131,"column":18}}],"line":129},"29":{"loc":{"start":{"line":130,"column":8},"end":{"line":131,"column":18}},"type":"cond-expr","locations":[{"start":{"line":130,"column":38},"end":{"line":130,"column":47}},{"start":{"line":131,"column":10},"end":{"line":131,"column":18}}],"line":130},"30":{"loc":{"start":{"line":141,"column":4},"end":{"line":143,"column":5}},"type":"if","locations":[{"start":{"line":141,"column":4},"end":{"line":143,"column":5}},{"start":{},"end":{}}],"line":141},"31":{"loc":{"start":{"line":154,"column":4},"end":{"line":157,"column":5}},"type":"if","locations":[{"start":{"line":154,"column":4},"end":{"line":157,"column":5}},{"start":{},"end":{}}],"line":154},"32":{"loc":{"start":{"line":159,"column":23},"end":{"line":159,"column":54}},"type":"binary-expr","locations":[{"start":{"line":159,"column":23},"end":{"line":159,"column":48}},{"start":{"line":159,"column":52},"end":{"line":159,"column":54}}],"line":159},"33":{"loc":{"start":{"line":161,"column":4},"end":{"line":161,"column":43}},"type":"if","locations":[{"start":{"line":161,"column":4},"end":{"line":161,"column":43}},{"start":{},"end":{}}],"line":161},"34":{"loc":{"start":{"line":172,"column":4},"end":{"line":189,"column":5}},"type":"if","locations":[{"start":{"line":172,"column":4},"end":{"line":189,"column":5}},{"start":{},"end":{}}],"line":172},"35":{"loc":{"start":{"line":178,"column":6},"end":{"line":188,"column":7}},"type":"if","locations":[{"start":{"line":178,"column":6},"end":{"line":188,"column":7}},{"start":{"line":180,"column":13},"end":{"line":188,"column":7}}],"line":178},"36":{"loc":{"start":{"line":181,"column":18},"end":{"line":181,"column":37}},"type":"binary-expr","locations":[{"start":{"line":181,"column":18},"end":{"line":181,"column":31}},{"start":{"line":181,"column":35},"end":{"line":181,"column":37}}],"line":181},"37":{"loc":{"start":{"line":182,"column":23},"end":{"line":182,"column":62}},"type":"binary-expr","locations":[{"start":{"line":182,"column":23},"end":{"line":182,"column":33}},{"start":{"line":182,"column":37},"end":{"line":182,"column":46}},{"start":{"line":182,"column":50},"end":{"line":182,"column":62}}],"line":182},"38":{"loc":{"start":{"line":193,"column":12},"end":{"line":193,"column":25}},"type":"binary-expr","locations":[{"start":{"line":193,"column":12},"end":{"line":193,"column":19}},{"start":{"line":193,"column":23},"end":{"line":193,"column":25}}],"line":193},"39":{"loc":{"start":{"line":194,"column":6},"end":{"line":194,"column":53}},"type":"if","locations":[{"start":{"line":194,"column":6},"end":{"line":194,"column":53}},{"start":{},"end":{}}],"line":194},"40":{"loc":{"start":{"line":196,"column":29},"end":{"line":200,"column":97}},"type":"binary-expr","locations":[{"start":{"line":196,"column":29},"end":{"line":200,"column":91}},{"start":{"line":200,"column":95},"end":{"line":200,"column":97}}],"line":196},"41":{"loc":{"start":{"line":197,"column":8},"end":{"line":197,"column":44}},"type":"if","locations":[{"start":{"line":197,"column":8},"end":{"line":197,"column":44}},{"start":{},"end":{}}],"line":197},"42":{"loc":{"start":{"line":203,"column":16},"end":{"line":203,"column":70}},"type":"cond-expr","locations":[{"start":{"line":203,"column":44},"end":{"line":203,"column":58}},{"start":{"line":203,"column":61},"end":{"line":203,"column":70}}],"line":203},"43":{"loc":{"start":{"line":222,"column":4},"end":{"line":232,"column":5}},"type":"if","locations":[{"start":{"line":222,"column":4},"end":{"line":232,"column":5}},{"start":{"line":224,"column":11},"end":{"line":232,"column":5}}],"line":222},"44":{"loc":{"start":{"line":225,"column":16},"end":{"line":225,"column":35}},"type":"binary-expr","locations":[{"start":{"line":225,"column":16},"end":{"line":225,"column":29}},{"start":{"line":225,"column":33},"end":{"line":225,"column":35}}],"line":225},"45":{"loc":{"start":{"line":226,"column":21},"end":{"line":226,"column":60}},"type":"binary-expr","locations":[{"start":{"line":226,"column":21},"end":{"line":226,"column":31}},{"start":{"line":226,"column":35},"end":{"line":226,"column":44}},{"start":{"line":226,"column":48},"end":{"line":226,"column":60}}],"line":226},"46":{"loc":{"start":{"line":234,"column":12},"end":{"line":234,"column":25}},"type":"binary-expr","locations":[{"start":{"line":234,"column":12},"end":{"line":234,"column":19}},{"start":{"line":234,"column":23},"end":{"line":234,"column":25}}],"line":234},"47":{"loc":{"start":{"line":235,"column":6},"end":{"line":235,"column":53}},"type":"if","locations":[{"start":{"line":235,"column":6},"end":{"line":235,"column":53}},{"start":{},"end":{}}],"line":235},"48":{"loc":{"start":{"line":238,"column":29},"end":{"line":242,"column":97}},"type":"binary-expr","locations":[{"start":{"line":238,"column":29},"end":{"line":242,"column":91}},{"start":{"line":242,"column":95},"end":{"line":242,"column":97}}],"line":238},"49":{"loc":{"start":{"line":239,"column":8},"end":{"line":239,"column":44}},"type":"if","locations":[{"start":{"line":239,"column":8},"end":{"line":239,"column":44}},{"start":{},"end":{}}],"line":239},"50":{"loc":{"start":{"line":246,"column":16},"end":{"line":246,"column":70}},"type":"cond-expr","locations":[{"start":{"line":246,"column":44},"end":{"line":246,"column":58}},{"start":{"line":246,"column":61},"end":{"line":246,"column":70}}],"line":246},"51":{"loc":{"start":{"line":258,"column":4},"end":{"line":261,"column":5}},"type":"if","locations":[{"start":{"line":258,"column":4},"end":{"line":261,"column":5}},{"start":{},"end":{}}],"line":258},"52":{"loc":{"start":{"line":264,"column":4},"end":{"line":264,"column":51}},"type":"if","locations":[{"start":{"line":264,"column":4},"end":{"line":264,"column":51}},{"start":{},"end":{}}],"line":264},"53":{"loc":{"start":{"line":267,"column":4},"end":{"line":267,"column":57}},"type":"if","locations":[{"start":{"line":267,"column":4},"end":{"line":267,"column":57}},{"start":{},"end":{}}],"line":267},"54":{"loc":{"start":{"line":274,"column":28},"end":{"line":274,"column":40}},"type":"binary-expr","locations":[{"start":{"line":274,"column":28},"end":{"line":274,"column":34}},{"start":{"line":274,"column":38},"end":{"line":274,"column":40}}],"line":274},"55":{"loc":{"start":{"line":275,"column":19},"end":{"line":275,"column":58}},"type":"binary-expr","locations":[{"start":{"line":275,"column":19},"end":{"line":275,"column":29}},{"start":{"line":275,"column":33},"end":{"line":275,"column":42}},{"start":{"line":275,"column":46},"end":{"line":275,"column":58}}],"line":275}},"s":{"0":10,"1":10,"2":10,"3":10,"4":10,"5":10,"6":22,"7":22,"8":0,"9":22,"10":22,"11":22,"12":5,"13":5,"14":5,"15":5,"16":5,"17":5,"18":1,"19":4,"20":1,"21":17,"22":16,"23":17,"24":16,"25":16,"26":16,"27":15,"28":15,"29":15,"30":1,"31":1,"32":1,"33":1,"34":1,"35":1,"36":1,"37":1,"38":1,"39":1,"40":22,"41":18,"42":8,"43":10,"44":10,"45":10,"46":10,"47":2,"48":2,"49":8,"50":1,"51":1,"52":7,"53":1,"54":1,"55":10,"56":10,"57":10,"58":10,"59":1,"60":1,"61":9,"62":4,"63":4,"64":1,"65":9,"66":9,"67":9,"68":1,"69":5,"70":5,"71":1,"72":1,"73":4,"74":3,"75":4,"76":1,"77":3,"78":3,"79":3,"80":3,"81":3,"82":1,"83":2,"84":1,"85":1,"86":3,"87":3,"88":1,"89":2,"90":2,"91":1,"92":0,"93":1,"94":1,"95":1,"96":2,"97":2,"98":2,"99":2,"100":2,"101":1,"102":1,"103":0,"104":0,"105":2,"106":2,"107":0,"108":2,"109":2,"110":0,"111":0,"112":0,"113":0,"114":0,"115":2,"116":5,"117":5,"118":1,"119":1,"120":4,"121":1,"122":3,"123":3,"124":1,"125":2,"126":2,"127":2,"128":2,"129":2,"130":1,"131":2,"132":1},"f":{"0":10,"1":17,"2":1,"3":5,"4":3,"5":1,"6":1,"7":3,"8":1,"9":1,"10":2,"11":0,"12":0,"13":2,"14":0,"15":0,"16":5,"17":2,"18":2,"19":1},"b":{"0":[0,22],"1":[22,22,22],"2":[22,22],"3":[5,17],"4":[5,0],"5":[5,0],"6":[1,4],"7":[5,2],"8":[1,3],"9":[4,4],"10":[16,1],"11":[17,2],"12":[16,0],"13":[15,1],"14":[1,0],"15":[1,0],"16":[1,0],"17":[1,0],"18":[1,1],"19":[18,4],"20":[8,10],"21":[2,8],"22":[1,7],"23":[1,6],"24":[6,4],"25":[1,9],"26":[4,5],"27":[1,3],"28":[3,6],"29":[1,5],"30":[1,8],"31":[1,4],"32":[4,0],"33":[1,3],"34":[3,0],"35":[1,2],"36":[2,0],"37":[1,1,1],"38":[3,0],"39":[1,2],"40":[2,0],"41":[0,1],"42":[1,1],"43":[1,1],"44":[1,0],"45":[0,0,0],"46":[2,0],"47":[0,2],"48":[2,0],"49":[0,0],"50":[0,2],"51":[1,4],"52":[1,3],"53":[1,2],"54":[2,0],"55":[2,2,2]},"_coverageSchema":"1a1c01bbd47fc00a2c39e90264f33305004495a9","hash":"44f721a69bb2bd2b87801607853488c07859b43f"}
,"/Users/victormilitao/Documents/apps/medical-surgey/services/supabase/surgeryService.ts": {"path":"/Users/victormilitao/Documents/apps/medical-surgey/services/supabase/surgeryService.ts","statementMap":{"0":{"start":{"line":9,"column":28},"end":{"line":19,"column":50}},"1":{"start":{"line":21,"column":4},"end":{"line":24,"column":5}},"2":{"start":{"line":22,"column":6},"end":{"line":22,"column":56}},"3":{"start":{"line":23,"column":6},"end":{"line":23,"column":18}},"4":{"start":{"line":26,"column":4},"end":{"line":41,"column":7}},"5":{"start":{"line":28,"column":22},"end":{"line":28,"column":80}},"6":{"start":{"line":29,"column":44},"end":{"line":29,"column":48}},"7":{"start":{"line":30,"column":6},"end":{"line":33,"column":7}},"8":{"start":{"line":31,"column":23},"end":{"line":31,"column":80}},"9":{"start":{"line":31,"column":51},"end":{"line":31,"column":79}},"10":{"start":{"line":32,"column":8},"end":{"line":32,"column":42}},"11":{"start":{"line":35,"column":6},"end":{"line":40,"column":8}},"12":{"start":{"line":45,"column":28},"end":{"line":54,"column":15}},"13":{"start":{"line":56,"column":4},"end":{"line":59,"column":5}},"14":{"start":{"line":57,"column":6},"end":{"line":57,"column":54}},"15":{"start":{"line":58,"column":6},"end":{"line":58,"column":18}},"16":{"start":{"line":61,"column":4},"end":{"line":65,"column":13}},"17":{"start":{"line":76,"column":37},"end":{"line":89,"column":15}},"18":{"start":{"line":91,"column":4},"end":{"line":94,"column":5}},"19":{"start":{"line":92,"column":6},"end":{"line":92,"column":54}},"20":{"start":{"line":93,"column":6},"end":{"line":93,"column":18}},"21":{"start":{"line":97,"column":4},"end":{"line":100,"column":32}},"22":{"start":{"line":102,"column":4},"end":{"line":102,"column":19}},"23":{"start":{"line":107,"column":57},"end":{"line":116,"column":29}},"24":{"start":{"line":118,"column":4},"end":{"line":121,"column":5}},"25":{"start":{"line":119,"column":6},"end":{"line":119,"column":68}},"26":{"start":{"line":120,"column":6},"end":{"line":120,"column":23}},"27":{"start":{"line":123,"column":4},"end":{"line":123,"column":67}},"28":{"start":{"line":123,"column":58},"end":{"line":123,"column":67}},"29":{"start":{"line":125,"column":18},"end":{"line":125,"column":28}},"30":{"start":{"line":126,"column":4},"end":{"line":126,"column":31}},"31":{"start":{"line":129,"column":32},"end":{"line":135,"column":6}},"32":{"start":{"line":130,"column":27},"end":{"line":130,"column":100}},"33":{"start":{"line":131,"column":24},"end":{"line":131,"column":63}},"34":{"start":{"line":132,"column":26},"end":{"line":132,"column":104}},"35":{"start":{"line":133,"column":6},"end":{"line":133,"column":68}},"36":{"start":{"line":134,"column":6},"end":{"line":134,"column":54}},"37":{"start":{"line":137,"column":4},"end":{"line":137,"column":51}},"38":{"start":{"line":137,"column":42},"end":{"line":137,"column":51}},"39":{"start":{"line":139,"column":26},"end":{"line":139,"column":60}},"40":{"start":{"line":139,"column":55},"end":{"line":139,"column":59}},"41":{"start":{"line":141,"column":28},"end":{"line":145,"column":19}},"42":{"start":{"line":147,"column":4},"end":{"line":150,"column":5}},"43":{"start":{"line":148,"column":6},"end":{"line":148,"column":58}},"44":{"start":{"line":149,"column":6},"end":{"line":149,"column":18}},"45":{"start":{"line":152,"column":4},"end":{"line":152,"column":29}},"46":{"start":{"line":156,"column":30},"end":{"line":156,"column":58}}},"fnMap":{"0":{"name":"(anonymous_0)","decl":{"start":{"line":8,"column":2},"end":{"line":8,"column":3}},"loc":{"start":{"line":8,"column":80},"end":{"line":42,"column":3}},"line":8},"1":{"name":"(anonymous_1)","decl":{"start":{"line":26,"column":28},"end":{"line":26,"column":29}},"loc":{"start":{"line":26,"column":33},"end":{"line":41,"column":5}},"line":26},"2":{"name":"(anonymous_2)","decl":{"start":{"line":31,"column":41},"end":{"line":31,"column":42}},"loc":{"start":{"line":31,"column":51},"end":{"line":31,"column":79}},"line":31},"3":{"name":"(anonymous_3)","decl":{"start":{"line":44,"column":2},"end":{"line":44,"column":3}},"loc":{"start":{"line":44,"column":78},"end":{"line":66,"column":3}},"line":44},"4":{"name":"(anonymous_4)","decl":{"start":{"line":68,"column":2},"end":{"line":68,"column":3}},"loc":{"start":{"line":75,"column":23},"end":{"line":103,"column":3}},"line":75},"5":{"name":"(anonymous_5)","decl":{"start":{"line":105,"column":2},"end":{"line":105,"column":3}},"loc":{"start":{"line":105,"column":73},"end":{"line":153,"column":3}},"line":105},"6":{"name":"(anonymous_6)","decl":{"start":{"line":129,"column":55},"end":{"line":129,"column":56}},"loc":{"start":{"line":129,"column":60},"end":{"line":135,"column":5}},"line":129},"7":{"name":"(anonymous_7)","decl":{"start":{"line":139,"column":50},"end":{"line":139,"column":51}},"loc":{"start":{"line":139,"column":55},"end":{"line":139,"column":59}},"line":139}},"branchMap":{"0":{"loc":{"start":{"line":21,"column":4},"end":{"line":24,"column":5}},"type":"if","locations":[{"start":{"line":21,"column":4},"end":{"line":24,"column":5}},{"start":{},"end":{}}],"line":21},"1":{"loc":{"start":{"line":26,"column":12},"end":{"line":26,"column":22}},"type":"binary-expr","locations":[{"start":{"line":26,"column":12},"end":{"line":26,"column":16}},{"start":{"line":26,"column":20},"end":{"line":26,"column":22}}],"line":26},"2":{"loc":{"start":{"line":30,"column":6},"end":{"line":33,"column":7}},"type":"if","locations":[{"start":{"line":30,"column":6},"end":{"line":33,"column":7}},{"start":{},"end":{}}],"line":30},"3":{"loc":{"start":{"line":30,"column":10},"end":{"line":30,"column":39}},"type":"binary-expr","locations":[{"start":{"line":30,"column":10},"end":{"line":30,"column":17}},{"start":{"line":30,"column":21},"end":{"line":30,"column":39}}],"line":30},"4":{"loc":{"start":{"line":56,"column":4},"end":{"line":59,"column":5}},"type":"if","locations":[{"start":{"line":56,"column":4},"end":{"line":59,"column":5}},{"start":{},"end":{}}],"line":56},"5":{"loc":{"start":{"line":61,"column":11},"end":{"line":65,"column":12}},"type":"cond-expr","locations":[{"start":{"line":61,"column":18},"end":{"line":65,"column":5}},{"start":{"line":65,"column":8},"end":{"line":65,"column":12}}],"line":61},"6":{"loc":{"start":{"line":86,"column":24},"end":{"line":86,"column":49}},"type":"binary-expr","locations":[{"start":{"line":86,"column":24},"end":{"line":86,"column":41}},{"start":{"line":86,"column":45},"end":{"line":86,"column":49}}],"line":86},"7":{"loc":{"start":{"line":91,"column":4},"end":{"line":94,"column":5}},"type":"if","locations":[{"start":{"line":91,"column":4},"end":{"line":94,"column":5}},{"start":{},"end":{}}],"line":91},"8":{"loc":{"start":{"line":118,"column":4},"end":{"line":121,"column":5}},"type":"if","locations":[{"start":{"line":118,"column":4},"end":{"line":121,"column":5}},{"start":{},"end":{}}],"line":118},"9":{"loc":{"start":{"line":123,"column":4},"end":{"line":123,"column":67}},"type":"if","locations":[{"start":{"line":123,"column":4},"end":{"line":123,"column":67}},{"start":{},"end":{}}],"line":123},"10":{"loc":{"start":{"line":123,"column":8},"end":{"line":123,"column":56}},"type":"binary-expr","locations":[{"start":{"line":123,"column":8},"end":{"line":123,"column":24}},{"start":{"line":123,"column":28},"end":{"line":123,"column":56}}],"line":123},"11":{"loc":{"start":{"line":130,"column":27},"end":{"line":130,"column":100}},"type":"binary-expr","locations":[{"start":{"line":130,"column":27},"end":{"line":130,"column":43}},{"start":{"line":130,"column":47},"end":{"line":130,"column":94}},{"start":{"line":130,"column":98},"end":{"line":130,"column":100}}],"line":130},"12":{"loc":{"start":{"line":137,"column":4},"end":{"line":137,"column":51}},"type":"if","locations":[{"start":{"line":137,"column":4},"end":{"line":137,"column":51}},{"start":{},"end":{}}],"line":137},"13":{"loc":{"start":{"line":147,"column":4},"end":{"line":150,"column":5}},"type":"if","locations":[{"start":{"line":147,"column":4},"end":{"line":150,"column":5}},{"start":{},"end":{}}],"line":147},"14":{"loc":{"start":{"line":152,"column":11},"end":{"line":152,"column":28}},"type":"binary-expr","locations":[{"start":{"line":152,"column":11},"end":{"line":152,"column":23}},{"start":{"line":152,"column":27},"end":{"line":152,"column":28}}],"line":152}},"s":{"0":3,"1":3,"2":1,"3":1,"4":2,"5":2,"6":2,"7":2,"8":1,"9":1,"10":1,"11":2,"12":2,"13":2,"14":1,"15":1,"16":1,"17":2,"18":2,"19":1,"20":1,"21":1,"22":1,"23":4,"24":4,"25":1,"26":1,"27":3,"28":1,"29":2,"30":2,"31":2,"32":2,"33":2,"34":2,"35":2,"36":2,"37":2,"38":1,"39":1,"40":1,"41":1,"42":1,"43":0,"44":0,"45":1,"46":1},"f":{"0":3,"1":2,"2":1,"3":2,"4":2,"5":4,"6":2,"7":1},"b":{"0":[1,2],"1":[2,0],"2":[1,1],"3":[2,2],"4":[1,1],"5":[1,0],"6":[2,2],"7":[1,1],"8":[1,3],"9":[1,2],"10":[3,3],"11":[2,0,0],"12":[1,1],"13":[0,1],"14":[1,0]},"_coverageSchema":"1a1c01bbd47fc00a2c39e90264f33305004495a9","hash":"6526187479e86a34ae5113a5e3fc82ce8328a82f"}
,"/Users/victormilitao/Documents/apps/medical-surgey/services/supabase/surgeryTypeService.ts": {"path":"/Users/victormilitao/Documents/apps/medical-surgey/services/supabase/surgeryTypeService.ts","statementMap":{"0":{"start":{"line":13,"column":28},"end":{"line":17,"column":20}},"1":{"start":{"line":19,"column":4},"end":{"line":22,"column":5}},"2":{"start":{"line":20,"column":6},"end":{"line":20,"column":60}},"3":{"start":{"line":21,"column":6},"end":{"line":21,"column":18}},"4":{"start":{"line":24,"column":4},"end":{"line":24,"column":22}},"5":{"start":{"line":28,"column":28},"end":{"line":32,"column":15}},"6":{"start":{"line":34,"column":4},"end":{"line":37,"column":5}},"7":{"start":{"line":35,"column":6},"end":{"line":35,"column":59}},"8":{"start":{"line":36,"column":6},"end":{"line":36,"column":18}},"9":{"start":{"line":39,"column":4},"end":{"line":39,"column":16}},"10":{"start":{"line":43,"column":34},"end":{"line":43,"column":66}}},"fnMap":{"0":{"name":"(anonymous_0)","decl":{"start":{"line":12,"column":2},"end":{"line":12,"column":3}},"loc":{"start":{"line":12,"column":56},"end":{"line":25,"column":3}},"line":12},"1":{"name":"(anonymous_1)","decl":{"start":{"line":27,"column":2},"end":{"line":27,"column":3}},"loc":{"start":{"line":27,"column":68},"end":{"line":40,"column":3}},"line":27}},"branchMap":{"0":{"loc":{"start":{"line":19,"column":4},"end":{"line":22,"column":5}},"type":"if","locations":[{"start":{"line":19,"column":4},"end":{"line":22,"column":5}},{"start":{},"end":{}}],"line":19},"1":{"loc":{"start":{"line":24,"column":11},"end":{"line":24,"column":21}},"type":"binary-expr","locations":[{"start":{"line":24,"column":11},"end":{"line":24,"column":15}},{"start":{"line":24,"column":19},"end":{"line":24,"column":21}}],"line":24},"2":{"loc":{"start":{"line":34,"column":4},"end":{"line":37,"column":5}},"type":"if","locations":[{"start":{"line":34,"column":4},"end":{"line":37,"column":5}},{"start":{},"end":{}}],"line":34}},"s":{"0":3,"1":3,"2":1,"3":1,"4":2,"5":2,"6":2,"7":1,"8":1,"9":1,"10":1},"f":{"0":3,"1":2},"b":{"0":[1,2],"1":[2,1],"2":[1,1]},"_coverageSchema":"1a1c01bbd47fc00a2c39e90264f33305004495a9","hash":"fb81089ffc61d9010ea9109b212360ee2d378acb"}
}
