TN:
SF:components/doctor/AddPatientModal.tsx
FN:15,AddPatientModal
FN:23,(anonymous_1)
FN:35,(anonymous_2)
FN:98,(anonymous_3)
FN:107,(anonymous_4)
FN:165,(anonymous_5)
FN:179,(anonymous_6)
FN:183,(anonymous_7)
FNF:8
FNH:8
FNDA:40,AddPatientModal
FNDA:10,(anonymous_1)
FNDA:5,(anonymous_2)
FNDA:2,(anonymous_3)
FNDA:68,(anonymous_4)
FNDA:5,(anonymous_5)
FNDA:10,(anonymous_6)
FNDA:5,(anonymous_7)
DA:16,40
DA:17,40
DA:19,40
DA:20,40
DA:21,40
DA:22,40
DA:23,40
DA:24,10
DA:25,10
DA:26,10
DA:27,10
DA:28,10
DA:31,40
DA:32,40
DA:33,40
DA:35,40
DA:36,5
DA:37,1
DA:38,1
DA:41,4
DA:42,0
DA:43,0
DA:46,4
DA:47,4
DA:50,4
DA:51,4
DA:52,1
DA:53,1
DA:54,1
DA:57,3
DA:58,3
DA:59,3
DA:61,3
DA:63,3
DA:67,3
DA:68,1
DA:69,1
DA:70,1
DA:73,2
DA:75,2
DA:76,2
DA:88,1
DA:89,1
DA:91,1
DA:92,1
DA:94,2
DA:98,40
DA:99,2
DA:100,2
DA:101,2
DA:102,2
DA:103,2
DA:104,2
DA:107,68
DA:109,40
DA:165,5
DA:180,10
DA:184,5
DA:185,5
LF:59
LH:57
BRDA:36,0,0,1
BRDA:36,0,1,4
BRDA:36,1,0,5
BRDA:36,1,1,4
BRDA:36,1,2,4
BRDA:36,1,3,4
BRDA:41,2,0,0
BRDA:41,2,1,4
BRDA:51,3,0,1
BRDA:51,3,1,3
BRDA:63,4,0,3
BRDA:63,4,1,2
BRDA:63,4,2,2
BRDA:67,5,0,1
BRDA:67,5,1,2
BRDA:92,6,0,1
BRDA:92,6,1,0
BRDA:129,7,0,40
BRDA:129,7,1,4
BRDA:161,8,0,5
BRDA:161,8,1,35
BRDA:167,9,0,12
BRDA:167,9,1,28
BRDA:168,10,0,12
BRDA:168,10,1,28
BRDA:173,11,0,40
BRDA:173,11,1,5
BRDA:176,12,0,0
BRDA:176,12,1,5
BRF:29
BRH:26
end_of_record
TN:
SF:components/doctor/PatientListItem.tsx
FN:19,PatientListItem
FN:70,(anonymous_1)
FNF:2
FNH:2
FNDA:8,PatientListItem
FNDA:2,(anonymous_1)
DA:30,8
DA:31,8
DA:32,8
DA:34,8
DA:35,1
DA:36,1
DA:37,1
DA:38,7
DA:39,1
DA:40,1
DA:41,1
DA:42,6
DA:43,1
DA:44,1
DA:45,1
DA:47,5
DA:50,8
DA:71,2
LF:18
LH:18
BRDA:25,0,0,7
BRDA:34,1,0,1
BRDA:34,1,1,7
BRDA:38,2,0,1
BRDA:38,2,1,6
BRDA:42,3,0,1
BRDA:42,3,1,5
BRDA:57,4,0,0
BRDA:57,4,1,8
BRDA:68,5,0,8
BRDA:68,5,1,1
BRDA:78,6,0,8
BRDA:78,6,1,7
BRDA:80,7,0,6
BRDA:80,7,1,1
BRDA:90,8,0,6
BRDA:90,8,1,1
BRF:17
BRH:16
end_of_record
TN:
SF:components/doctor/StatsGrid.tsx
FN:13,StatCard
FN:59,StatsGrid
FN:60,(anonymous_2)
FN:71,(anonymous_3)
FN:78,(anonymous_4)
FN:85,(anonymous_5)
FN:92,(anonymous_6)
FNF:7
FNH:7
FNDA:32,StatCard
FNDA:8,StatsGrid
FNDA:5,(anonymous_2)
FNDA:2,(anonymous_3)
FNDA:1,(anonymous_4)
FNDA:1,(anonymous_5)
FNDA:1,(anonymous_6)
DA:14,32
DA:15,32
DA:16,32
DA:18,32
DA:19,8
DA:20,8
DA:21,8
DA:22,24
DA:23,8
DA:24,8
DA:25,8
DA:26,16
DA:27,8
DA:28,8
DA:29,8
DA:30,8
DA:31,8
DA:32,8
DA:33,8
DA:36,32
DA:60,8
DA:61,5
DA:64,8
DA:71,2
DA:78,1
DA:85,1
DA:92,1
LF:27
LH:27
BRDA:18,0,0,8
BRDA:18,0,1,24
BRDA:22,1,0,8
BRDA:22,1,1,16
BRDA:26,2,0,8
BRDA:26,2,1,8
BRDA:30,3,0,8
BRDA:30,3,1,0
BRDA:39,4,0,1
BRDA:39,4,1,31
BRDA:61,5,0,5
BRDA:61,5,1,0
BRDA:68,6,0,8
BRDA:68,6,1,1
BRDA:75,7,0,8
BRDA:75,7,1,1
BRDA:82,8,0,8
BRDA:82,8,1,1
BRDA:89,9,0,8
BRDA:89,9,1,1
BRF:20
BRH:18
end_of_record
TN:
SF:components/patient/ActionMenuItem.tsx
FN:14,ActionMenuItem
FNF:1
FNH:1
FNDA:4,ActionMenuItem
DA:23,4
LF:1
LH:1
BRDA:19,0,0,4
BRDA:20,1,0,4
BRDA:37,2,0,1
BRDA:37,2,1,3
BRF:4
BRH:4
end_of_record
TN:
SF:components/patient/PhaseGuidelinesSheet.tsx
FN:16,getPhaseForDay
FN:22,PhaseGuidelinesSheet
FN:23,(anonymous_2)
FN:28,(anonymous_3)
FN:34,(anonymous_4)
FN:61,(anonymous_5)
FN:128,(anonymous_6)
FN:154,(anonymous_7)
FN:185,(anonymous_8)
FN:214,(anonymous_9)
FNF:10
FNH:10
FNDA:20,getPhaseForDay
FNDA:21,PhaseGuidelinesSheet
FNDA:10,(anonymous_2)
FNDA:11,(anonymous_3)
FNDA:10,(anonymous_4)
FNDA:1,(anonymous_5)
FNDA:20,(anonymous_6)
FNDA:20,(anonymous_7)
FNDA:9,(anonymous_8)
FNDA:9,(anonymous_9)
DA:13,1
DA:14,1
DA:17,20
DA:18,11
DA:19,5
DA:23,21
DA:24,21
DA:25,21
DA:26,21
DA:28,21
DA:29,11
DA:30,10
DA:34,21
DA:35,10
DA:36,9
DA:37,9
DA:50,1
DA:61,1
DA:65,21
DA:67,11
DA:73,11
DA:128,20
DA:155,20
DA:186,9
DA:215,9
LF:25
LH:25
BRDA:17,0,0,9
BRDA:17,0,1,11
BRDA:17,1,0,20
BRDA:17,1,1,19
BRDA:18,2,0,6
BRDA:18,2,1,5
BRDA:29,3,0,10
BRDA:29,3,1,1
BRDA:35,4,0,9
BRDA:35,4,1,1
BRDA:65,5,0,10
BRDA:65,5,1,11
BRDA:128,6,0,11
BRDA:128,6,1,0
BRDA:140,7,0,11
BRDA:140,7,1,5
BRDA:172,8,0,11
BRDA:172,8,1,3
BRDA:201,9,0,11
BRDA:201,9,1,3
BRF:20
BRH:19
end_of_record
TN:
SF:components/patient/ProgressBar.tsx
FN:9,ProgressBar
FNF:1
FNH:1
FNDA:5,ProgressBar
DA:10,5
DA:12,5
LF:2
LH:2
BRF:0
BRH:0
end_of_record
TN:
SF:components/patient/WelcomeHeader.tsx
FN:8,WelcomeHeader
FNF:1
FNH:1
FNDA:3,WelcomeHeader
DA:9,3
LF:1
LH:1
BRF:0
BRH:0
end_of_record
TN:
SF:components/ui/Badge.tsx
FN:8,Badge
FNF:1
FNH:1
FNDA:13,Badge
DA:9,13
DA:10,13
DA:12,13
DA:13,1
DA:14,1
DA:15,12
DA:16,1
DA:17,1
DA:18,11
DA:19,1
DA:20,1
DA:23,13
LF:12
LH:12
BRDA:8,0,0,2
BRDA:12,1,0,1
BRDA:12,1,1,12
BRDA:15,2,0,1
BRDA:15,2,1,11
BRDA:18,3,0,1
BRDA:18,3,1,10
BRF:7
BRH:7
end_of_record
TN:
SF:components/ui/Button.tsx
FN:13,Button
FNF:1
FNH:1
FNDA:90,Button
DA:14,90
DA:15,90
DA:17,90
DA:18,41
DA:19,41
DA:20,49
DA:21,1
DA:22,1
DA:23,48
DA:24,1
DA:25,1
DA:26,47
DA:27,1
DA:28,1
DA:31,90
DA:33,90
LF:16
LH:16
BRDA:13,0,0,46
BRDA:17,1,0,41
BRDA:17,1,1,49
BRDA:20,2,0,1
BRDA:20,2,1,48
BRDA:23,3,0,1
BRDA:23,3,1,47
BRDA:26,4,0,1
BRDA:26,4,1,46
BRDA:31,5,0,1
BRDA:31,5,1,89
BRDA:35,6,0,3
BRDA:35,6,1,87
BRDA:36,7,0,90
BRDA:36,7,1,87
BRDA:39,8,0,3
BRDA:39,8,1,87
BRDA:40,9,0,0
BRDA:40,9,1,3
BRDA:40,10,0,3
BRDA:40,10,1,3
BRDA:40,10,2,3
BRDA:45,11,0,87
BRDA:45,11,1,87
BRDA:47,12,0,87
BRDA:47,12,1,1
BRDA:48,13,0,1
BRDA:48,13,1,1
BRF:28
BRH:27
end_of_record
TN:
SF:components/ui/Card.tsx
FN:7,Card
FNF:1
FNH:1
FNDA:16,Card
DA:8,16
LF:1
LH:1
BRDA:7,0,0,10
BRDA:9,1,0,10
BRDA:9,1,1,6
BRF:3
BRH:3
end_of_record
TN:
SF:components/ui/Toast.tsx
FN:61,Toast
FN:68,(anonymous_1)
FN:77,(anonymous_2)
FN:90,(anonymous_3)
FNF:4
FNH:3
FNDA:10,Toast
FNDA:9,(anonymous_1)
FNDA:0,(anonymous_2)
FNDA:10,(anonymous_3)
DA:34,2
DA:62,10
DA:63,10
DA:64,10
DA:65,10
DA:66,10
DA:68,10
DA:69,9
DA:70,9
DA:73,9
DA:78,0
DA:79,0
DA:84,9
DA:90,10
DA:95,10
DA:121,2
LF:16
LH:14
BRDA:66,0,0,10
BRDA:66,0,1,10
BRDA:78,1,0,0
BRDA:78,1,1,0
BRDA:111,2,0,6
BRDA:111,2,1,4
BRF:6
BRH:4
end_of_record
TN:
SF:context/AuthContext.tsx
FN:27,(anonymous_0)
FN:30,AuthProvider
FN:35,(anonymous_2)
FN:37,(anonymous_3)
FN:46,(anonymous_4)
FN:56,(anonymous_5)
FN:59,(anonymous_6)
FN:79,(anonymous_7)
FN:97,(anonymous_8)
FNF:9
FNH:8
FNDA:0,(anonymous_0)
FNDA:18,AuthProvider
FNDA:8,(anonymous_2)
FNDA:8,(anonymous_3)
FNDA:2,(anonymous_4)
FNDA:8,(anonymous_5)
FNDA:6,(anonymous_6)
FNDA:1,(anonymous_7)
FNDA:18,(anonymous_8)
DA:19,1
DA:31,18
DA:32,18
DA:33,18
DA:35,18
DA:37,8
DA:38,8
DA:39,8
DA:40,5
DA:42,3
DA:46,8
DA:47,2
DA:48,2
DA:49,1
DA:51,1
DA:52,1
DA:56,8
DA:59,18
DA:60,6
DA:61,6
DA:67,5
DA:68,1
DA:70,4
DA:73,1
DA:75,6
DA:79,18
DA:80,1
DA:83,18
DA:94,18
DA:97,18
LF:30
LH:30
BRDA:39,0,0,5
BRDA:39,0,1,3
BRDA:48,1,0,1
BRDA:48,1,1,1
BRDA:67,2,0,1
BRDA:67,2,1,4
BRDA:85,3,0,18
BRDA:85,3,1,12
BRF:8
BRH:8
end_of_record
TN:
SF:context/ToastContext.tsx
FN:18,(anonymous_0)
FN:21,useToast
FN:25,ToastProvider
FN:29,(anonymous_3)
FN:31,(anonymous_4)
FN:34,(anonymous_5)
FN:35,(anonymous_6)
FN:35,(anonymous_7)
FN:42,(anonymous_8)
FNF:9
FNH:5
FNDA:0,(anonymous_0)
FNDA:8,useToast
FNDA:8,ToastProvider
FNDA:4,(anonymous_3)
FNDA:4,(anonymous_4)
FNDA:0,(anonymous_5)
FNDA:0,(anonymous_6)
FNDA:0,(anonymous_7)
FNDA:5,(anonymous_8)
DA:17,1
DA:22,8
DA:26,8
DA:27,8
DA:29,8
DA:30,4
DA:31,4
DA:34,8
DA:35,0
DA:38,8
DA:43,5
DA:50,1
LF:12
LH:11
BRF:0
BRH:0
end_of_record
TN:
SF:hooks/usePatientDashboard.ts
FN:5,(anonymous_0)
FN:11,(anonymous_1)
FNF:2
FNH:2
FNDA:5,(anonymous_0)
FNDA:2,(anonymous_1)
DA:5,1
DA:9,5
DA:12,2
DA:13,2
LF:4
LH:4
BRDA:12,0,0,0
BRDA:12,0,1,2
BRF:2
BRH:1
end_of_record
TN:
SF:hooks/usePatients.ts
FN:5,(anonymous_0)
FN:11,(anonymous_1)
FN:20,(anonymous_2)
FN:26,(anonymous_3)
FNF:4
FNH:4
FNDA:3,(anonymous_0)
FNDA:1,(anonymous_1)
FNDA:3,(anonymous_2)
FNDA:1,(anonymous_3)
DA:5,1
DA:9,3
DA:12,1
DA:13,1
DA:20,1
DA:24,3
DA:27,1
DA:28,1
LF:8
LH:8
BRDA:12,0,0,0
BRDA:12,0,1,1
BRDA:27,1,0,0
BRDA:27,1,1,1
BRF:4
BRH:2
end_of_record
TN:
SF:hooks/useSurgeries.ts
FN:9,(anonymous_0)
FN:15,(anonymous_1)
FN:24,(anonymous_2)
FN:30,(anonymous_3)
FN:39,(anonymous_4)
FN:65,(anonymous_5)
FN:70,(anonymous_6)
FN:74,(anonymous_7)
FN:78,(anonymous_8)
FN:80,(anonymous_9)
FNF:10
FNH:9
FNDA:3,(anonymous_0)
FNDA:1,(anonymous_1)
FNDA:3,(anonymous_2)
FNDA:1,(anonymous_3)
FNDA:2,(anonymous_4)
FNDA:1,(anonymous_5)
FNDA:2,(anonymous_6)
FNDA:2,(anonymous_7)
FNDA:1,(anonymous_8)
FNDA:0,(anonymous_9)
DA:9,1
DA:13,3
DA:16,1
DA:17,1
DA:24,1
DA:28,3
DA:31,1
DA:32,1
DA:39,1
DA:53,2
DA:65,1
DA:70,1
DA:71,2
DA:72,2
DA:74,2
DA:75,2
DA:76,1
DA:78,1
DA:79,1
DA:81,0
LF:20
LH:19
BRDA:16,0,0,0
BRDA:16,0,1,1
BRDA:31,1,0,0
BRDA:31,1,1,1
BRDA:75,2,0,1
BRDA:75,2,1,1
BRDA:75,3,0,2
BRDA:75,3,1,1
BRF:8
BRH:6
end_of_record
TN:
SF:hooks/useSurgeryTypes.ts
FN:7,(anonymous_0)
FN:12,(anonymous_1)
FN:17,(anonymous_2)
FN:23,(anonymous_3)
FNF:4
FNH:4
FNDA:2,(anonymous_0)
FNDA:1,(anonymous_1)
FNDA:3,(anonymous_2)
FNDA:1,(anonymous_3)
DA:7,1
DA:10,2
DA:12,1
DA:17,1
DA:21,3
DA:24,1
DA:25,1
LF:7
LH:7
BRDA:24,0,0,0
BRDA:24,0,1,1
BRF:2
BRH:1
end_of_record
TN:
SF:services/supabase/doctorService.ts
FN:5,(anonymous_0)
FNF:1
FNH:1
FNDA:5,(anonymous_0)
DA:15,5
DA:16,5
DA:21,5
DA:22,1
DA:23,1
DA:25,0
DA:28,4
DA:29,1
DA:33,3
DA:38,3
DA:39,1
DA:40,1
DA:44,2
DA:56,2
DA:57,1
DA:58,1
DA:59,1
DA:60,1
DA:62,0
DA:66,1
DA:68,1
DA:73,1
LF:22
LH:20
BRDA:21,0,0,1
BRDA:21,0,1,4
BRDA:22,1,0,1
BRDA:22,1,1,0
BRDA:28,2,0,1
BRDA:28,2,1,3
BRDA:38,3,0,1
BRDA:38,3,1,2
BRDA:51,4,0,2
BRDA:51,4,1,2
BRDA:56,5,0,1
BRDA:56,5,1,1
BRDA:59,6,0,1
BRDA:59,6,1,0
BRDA:62,7,0,0
BRDA:62,7,1,0
BRF:16
BRH:12
end_of_record
TN:
SF:services/supabase/patientService.ts
FN:9,(anonymous_0)
FN:23,(anonymous_1)
FN:29,(anonymous_2)
FN:50,(anonymous_3)
FN:105,(anonymous_4)
FNF:5
FNH:5
FNDA:2,(anonymous_0)
FNDA:2,(anonymous_1)
FNDA:2,(anonymous_2)
FNDA:3,(anonymous_3)
FNDA:3,(anonymous_4)
DA:10,2
DA:18,2
DA:19,1
DA:20,1
DA:23,2
DA:30,2
DA:39,2
DA:40,1
DA:41,1
DA:44,1
DA:52,3
DA:58,3
DA:59,1
DA:60,1
DA:64,2
DA:70,2
DA:71,2
DA:72,2
DA:74,2
DA:75,1
DA:84,1
DA:85,1
DA:86,1
DA:88,1
DA:89,1
DA:91,1
DA:92,1
DA:93,1
DA:97,2
DA:117,3
DA:121,3
DA:130,3
DA:131,1
DA:132,1
DA:134,0
DA:136,2
DA:139,1
DA:153,1
DA:156,1
DA:163,1
DA:165,1
DA:170,1
LF:42
LH:41
BRDA:18,0,0,1
BRDA:18,0,1,1
BRDA:23,1,0,1
BRDA:23,1,1,0
BRDA:39,2,0,1
BRDA:39,2,1,1
BRDA:44,3,0,1
BRDA:44,3,1,0
BRDA:58,4,0,1
BRDA:58,4,1,2
BRDA:58,5,0,3
BRDA:58,5,1,2
BRDA:74,6,0,1
BRDA:74,6,1,1
BRDA:84,7,0,1
BRDA:84,7,1,0
BRDA:86,8,0,1
BRDA:86,8,1,0
BRDA:86,8,2,0
BRDA:127,9,0,3
BRDA:127,9,1,0
BRDA:130,10,0,1
BRDA:130,10,1,2
BRDA:131,11,0,1
BRDA:131,11,1,0
BRDA:131,12,0,1
BRDA:131,12,1,0
BRDA:136,13,0,1
BRDA:136,13,1,1
BRDA:148,14,0,1
BRDA:148,14,1,1
BRDA:153,15,0,0
BRDA:153,15,1,1
BRDA:153,16,0,1
BRDA:153,16,1,1
BRDA:153,17,0,0
BRDA:153,17,1,0
BRDA:163,18,0,0
BRDA:163,18,1,1
BRF:39
BRH:27
end_of_record
TN:
SF:services/supabase/questionService.ts
FN:5,(anonymous_0)
FN:29,(anonymous_1)
FN:38,(anonymous_2)
FN:46,(anonymous_3)
FNF:4
FNH:4
FNDA:4,(anonymous_0)
FNDA:4,(anonymous_1)
FNDA:1,(anonymous_2)
FNDA:4,(anonymous_3)
DA:6,4
DA:20,4
DA:21,1
DA:22,1
DA:25,3
DA:29,2
DA:32,4
DA:34,4
DA:37,3
DA:38,3
DA:41,3
DA:46,4
DA:48,2
DA:51,1
LF:14
LH:14
BRDA:20,0,0,1
BRDA:20,0,1,3
BRDA:25,1,0,1
BRDA:25,1,1,2
BRDA:34,2,0,1
BRDA:34,2,1,3
BRDA:37,3,0,3
BRDA:37,3,1,0
BRDA:37,4,0,3
BRDA:37,4,1,3
BRDA:38,5,0,1
BRDA:38,5,1,0
BRDA:38,6,0,1
BRDA:38,6,1,0
BRF:14
BRH:11
end_of_record
TN:
SF:services/supabase/reportService.ts
FN:6,(anonymous_0)
FN:45,(anonymous_1)
FN:58,(anonymous_2)
FN:146,(anonymous_3)
FN:159,(anonymous_4)
FN:182,(anonymous_5)
FN:183,(anonymous_6)
FN:193,(anonymous_7)
FN:196,(anonymous_8)
FN:200,(anonymous_9)
FN:208,(anonymous_10)
FN:226,(anonymous_11)
FN:227,(anonymous_12)
FN:234,(anonymous_13)
FN:238,(anonymous_14)
FN:242,(anonymous_15)
FN:251,(anonymous_16)
FN:275,(anonymous_17)
FN:276,(anonymous_18)
FN:280,(anonymous_19)
FNF:20
FNH:16
FNDA:10,(anonymous_0)
FNDA:17,(anonymous_1)
FNDA:1,(anonymous_2)
FNDA:5,(anonymous_3)
FNDA:3,(anonymous_4)
FNDA:1,(anonymous_5)
FNDA:1,(anonymous_6)
FNDA:3,(anonymous_7)
FNDA:1,(anonymous_8)
FNDA:1,(anonymous_9)
FNDA:2,(anonymous_10)
FNDA:0,(anonymous_11)
FNDA:0,(anonymous_12)
FNDA:2,(anonymous_13)
FNDA:0,(anonymous_14)
FNDA:0,(anonymous_15)
FNDA:5,(anonymous_16)
FNDA:2,(anonymous_17)
FNDA:2,(anonymous_18)
FNDA:1,(anonymous_19)
DA:12,10
DA:13,10
DA:14,10
DA:15,10
DA:16,10
DA:19,10
DA:20,22
DA:23,22
DA:25,22
DA:26,22
DA:29,22
DA:30,5
DA:31,5
DA:32,5
DA:33,5
DA:36,5
DA:37,5
DA:38,1
DA:39,4
DA:40,1
DA:43,17
DA:45,17
DA:46,16
DA:47,16
DA:48,16
DA:49,15
DA:50,15
DA:51,15
DA:54,1
DA:56,1
DA:57,1
DA:58,1
DA:59,1
DA:60,1
DA:61,1
DA:62,1
DA:63,1
DA:69,22
DA:70,18
DA:71,8
DA:73,10
DA:79,10
DA:80,10
DA:82,10
DA:83,2
DA:84,2
DA:85,8
DA:86,1
DA:87,1
DA:88,7
DA:89,1
DA:90,1
DA:95,10
DA:96,10
DA:100,10
DA:108,10
DA:109,1
DA:110,1
DA:114,9
DA:115,4
DA:122,4
DA:123,1
DA:129,9
DA:133,9
DA:141,9
DA:142,1
DA:149,5
DA:154,5
DA:155,1
DA:156,1
DA:159,4
DA:161,4
DA:164,3
DA:170,3
DA:172,3
DA:173,3
DA:178,3
DA:179,1
DA:181,2
DA:182,1
DA:183,1
DA:193,3
DA:194,3
DA:195,2
DA:196,2
DA:197,1
DA:198,1
DA:199,1
DA:200,1
DA:201,2
DA:209,2
DA:215,2
DA:217,2
DA:222,2
DA:223,1
DA:225,1
DA:226,0
DA:227,0
DA:234,2
DA:235,2
DA:236,2
DA:238,2
DA:239,0
DA:240,0
DA:241,0
DA:242,0
DA:244,2
DA:252,5
DA:258,5
DA:259,1
DA:260,1
DA:264,4
DA:265,3
DA:267,3
DA:269,2
DA:274,2
DA:275,2
DA:277,2
DA:278,2
DA:280,1
DA:285,2
DA:292,1
LF:122
LH:116
BRDA:23,0,0,0
BRDA:23,0,1,22
BRDA:23,1,0,22
BRDA:23,1,1,22
BRDA:23,1,2,22
BRDA:25,2,0,22
BRDA:25,2,1,22
BRDA:29,3,0,5
BRDA:29,3,1,17
BRDA:31,4,0,5
BRDA:31,4,1,0
BRDA:32,5,0,5
BRDA:32,5,1,0
BRDA:37,6,0,1
BRDA:37,6,1,4
BRDA:37,7,0,5
BRDA:37,7,1,2
BRDA:39,8,0,1
BRDA:39,8,1,3
BRDA:39,9,0,4
BRDA:39,9,1,4
BRDA:43,10,0,16
BRDA:43,10,1,1
BRDA:43,11,0,17
BRDA:43,11,1,2
BRDA:46,12,0,16
BRDA:46,12,1,0
BRDA:48,13,0,15
BRDA:48,13,1,1
BRDA:54,14,0,1
BRDA:54,14,1,0
BRDA:56,15,0,1
BRDA:56,15,1,0
BRDA:59,16,0,1
BRDA:59,16,1,0
BRDA:60,17,0,1
BRDA:60,17,1,0
BRDA:60,18,0,1
BRDA:60,18,1,1
BRDA:69,19,0,18
BRDA:69,19,1,4
BRDA:70,20,0,8
BRDA:70,20,1,10
BRDA:82,21,0,2
BRDA:82,21,1,8
BRDA:85,22,0,1
BRDA:85,22,1,7
BRDA:88,23,0,1
BRDA:88,23,1,6
BRDA:104,24,0,6
BRDA:104,24,1,4
BRDA:108,25,0,1
BRDA:108,25,1,9
BRDA:114,26,0,4
BRDA:114,26,1,5
BRDA:122,27,0,1
BRDA:122,27,1,3
BRDA:129,28,0,3
BRDA:129,28,1,6
BRDA:130,29,0,1
BRDA:130,29,1,5
BRDA:141,30,0,1
BRDA:141,30,1,8
BRDA:154,31,0,1
BRDA:154,31,1,4
BRDA:159,32,0,4
BRDA:159,32,1,0
BRDA:161,33,0,1
BRDA:161,33,1,3
BRDA:172,34,0,3
BRDA:172,34,1,0
BRDA:178,35,0,1
BRDA:178,35,1,2
BRDA:181,36,0,2
BRDA:181,36,1,0
BRDA:182,37,0,1
BRDA:182,37,1,1
BRDA:182,37,2,1
BRDA:193,38,0,3
BRDA:193,38,1,0
BRDA:194,39,0,1
BRDA:194,39,1,2
BRDA:196,40,0,2
BRDA:196,40,1,0
BRDA:197,41,0,0
BRDA:197,41,1,1
BRDA:203,42,0,1
BRDA:203,42,1,1
BRDA:222,43,0,1
BRDA:222,43,1,1
BRDA:225,44,0,1
BRDA:225,44,1,0
BRDA:226,45,0,0
BRDA:226,45,1,0
BRDA:226,45,2,0
BRDA:234,46,0,2
BRDA:234,46,1,0
BRDA:235,47,0,0
BRDA:235,47,1,2
BRDA:238,48,0,2
BRDA:238,48,1,0
BRDA:239,49,0,0
BRDA:239,49,1,0
BRDA:246,50,0,0
BRDA:246,50,1,2
BRDA:258,51,0,1
BRDA:258,51,1,4
BRDA:264,52,0,1
BRDA:264,52,1,3
BRDA:267,53,0,1
BRDA:267,53,1,2
BRDA:274,54,0,2
BRDA:274,54,1,0
BRDA:275,55,0,2
BRDA:275,55,1,2
BRDA:275,55,2,2
BRF:116
BRH:91
end_of_record
TN:
SF:services/supabase/surgeryService.ts
FN:8,(anonymous_0)
FN:26,(anonymous_1)
FN:31,(anonymous_2)
FN:44,(anonymous_3)
FN:68,(anonymous_4)
FN:105,(anonymous_5)
FN:129,(anonymous_6)
FN:139,(anonymous_7)
FNF:8
FNH:8
FNDA:3,(anonymous_0)
FNDA:2,(anonymous_1)
FNDA:1,(anonymous_2)
FNDA:2,(anonymous_3)
FNDA:2,(anonymous_4)
FNDA:4,(anonymous_5)
FNDA:2,(anonymous_6)
FNDA:1,(anonymous_7)
DA:9,3
DA:21,3
DA:22,1
DA:23,1
DA:26,2
DA:28,2
DA:29,2
DA:30,2
DA:31,1
DA:32,1
DA:35,2
DA:45,2
DA:56,2
DA:57,1
DA:58,1
DA:61,1
DA:76,2
DA:91,2
DA:92,1
DA:93,1
DA:97,1
DA:102,1
DA:107,4
DA:118,4
DA:119,1
DA:120,1
DA:123,3
DA:125,2
DA:126,2
DA:129,2
DA:130,2
DA:131,2
DA:132,2
DA:133,2
DA:134,2
DA:137,2
DA:139,1
DA:141,1
DA:147,1
DA:148,0
DA:149,0
DA:152,1
DA:156,1
LF:43
LH:41
BRDA:21,0,0,1
BRDA:21,0,1,2
BRDA:26,1,0,2
BRDA:26,1,1,0
BRDA:30,2,0,1
BRDA:30,2,1,1
BRDA:30,3,0,2
BRDA:30,3,1,2
BRDA:56,4,0,1
BRDA:56,4,1,1
BRDA:61,5,0,1
BRDA:61,5,1,0
BRDA:86,6,0,2
BRDA:86,6,1,2
BRDA:91,7,0,1
BRDA:91,7,1,1
BRDA:118,8,0,1
BRDA:118,8,1,3
BRDA:123,9,0,1
BRDA:123,9,1,2
BRDA:123,10,0,3
BRDA:123,10,1,3
BRDA:130,11,0,2
BRDA:130,11,1,0
BRDA:130,11,2,0
BRDA:137,12,0,1
BRDA:137,12,1,1
BRDA:147,13,0,0
BRDA:147,13,1,1
BRDA:152,14,0,1
BRDA:152,14,1,0
BRF:31
BRH:25
end_of_record
TN:
SF:services/supabase/surgeryTypeService.ts
FN:12,(anonymous_0)
FN:27,(anonymous_1)
FNF:2
FNH:2
FNDA:3,(anonymous_0)
FNDA:2,(anonymous_1)
DA:13,3
DA:19,3
DA:20,1
DA:21,1
DA:24,2
DA:28,2
DA:34,2
DA:35,1
DA:36,1
DA:39,1
DA:43,1
LF:11
LH:11
BRDA:19,0,0,1
BRDA:19,0,1,2
BRDA:24,1,0,2
BRDA:24,1,1,1
BRDA:34,2,0,1
BRDA:34,2,1,1
BRF:6
BRH:6
end_of_record
